#
# There is insufficient memory for the Java Runtime Environment to continue.
# Native memory allocation (mmap) failed to map 584056832 bytes for committing reserved memory.
# Possible reasons:
#   The system is out of physical RAM or swap space
#   In 32 bit mode, the process size limit was hit
# Possible solutions:
#   Reduce memory load on the system
#   Increase physical memory or swap space
#   Check if swap backing store is full
#   Use 64 bit Java on a 64 bit OS
#   Decrease Java heap size (-Xmx/-Xms)
#   Decrease number of Java threads
#   Decrease Java thread stack sizes (-Xss)
#   Set larger code cache with -XX:ReservedCodeCacheSize=
# This output file may be truncated or incomplete.
#
#  Out of Memory Error (os_linux.cpp:2640), pid=31741, tid=0x00007f470f3f3700
#
# JRE version: Java(TM) SE Runtime Environment (8.0_171-b11) (build 1.8.0_171-b11)
# Java VM: Java HotSpot(TM) 64-Bit Server VM (25.171-b11 mixed mode linux-amd64 compressed oops)
# Failed to write core dump. Core dumps have been disabled. To enable core dumping, try "ulimit -c unlimited" before starting Java again
#

---------------  T H R E A D  ---------------

Current thread (0x00007f472413f800):  VMThread [stack: 0x00007f470f2f3000,0x00007f470f3f4000] [id=31747]

Stack: [0x00007f470f2f3000,0x00007f470f3f4000],  sp=0x00007f470f3f2360,  free space=1020k
Native frames: (J=compiled Java code, j=interpreted, Vv=VM code, C=native code)
V  [libjvm.so+0xacfffa]  VMError::report_and_die()+0x2ba
V  [libjvm.so+0x5005cb]  report_vm_out_of_memory(char const*, int, unsigned long, VMErrorType, char const*)+0x8b
V  [libjvm.so+0x92dd93]  os::Linux::commit_memory_impl(char*, unsigned long, bool)+0x123
V  [libjvm.so+0x92dfb9]  os::pd_commit_memory(char*, unsigned long, unsigned long, bool)+0x29
V  [libjvm.so+0x92527a]  os::commit_memory(char*, unsigned long, unsigned long, bool)+0x2a
V  [libjvm.so+0x99b223]  PSVirtualSpace::expand_by(unsigned long)+0x53
V  [libjvm.so+0x98bae0]  PSOldGen::expand(unsigned long)+0x170
V  [libjvm.so+0x98bceb]  PSOldGen::resize(unsigned long)+0x1cb
V  [libjvm.so+0x9939f1]  PSParallelCompact::invoke_no_policy(bool)+0x991
V  [libjvm.so+0x99934d]  PSScavenge::invoke()+0x1ad
V  [libjvm.so+0xad1c1d]  VM_ParallelGCSystemGC::doit()+0x10d
V  [libjvm.so+0xad9595]  VM_Operation::evaluate()+0x55
V  [libjvm.so+0xad795a]  VMThread::evaluate_operation(VM_Operation*)+0xba
V  [libjvm.so+0xad7cde]  VMThread::loop()+0x1ce
V  [libjvm.so+0xad8150]  VMThread::run()+0x70
V  [libjvm.so+0x92e0f8]  java_start(Thread*)+0x108

VM_Operation (0x00007f4684561e60): ParallelGCSystemGC, mode: safepoint, requested by thread 0x00007f46a4019800


---------------  P R O C E S S  ---------------

Java Threads: ( => current thread )
  0x00007f46a0002000 JavaThread "sparkDriver-akka.remote.default-remote-dispatcher-20" daemon [_thread_blocked, id=31858, stack(0x00007f46b0f18000,0x00007f46b1019000)]
  0x00007f46a0001000 JavaThread "sparkDriver-akka.remote.default-remote-dispatcher-19" daemon [_thread_blocked, id=31853, stack(0x00007f46b0811000,0x00007f46b0912000)]
  0x00007f46a4019800 JavaThread "Executor task launch worker-5" daemon [_thread_blocked, id=31851, stack(0x00007f4684464000,0x00007f4684565000)]
  0x00007f46a4068800 JavaThread "Executor task launch worker-4" daemon [_thread_blocked, id=31850, stack(0x00007f4684565000,0x00007f4684666000)]
  0x00007f46c8081800 JavaThread "block-manager-ask-thread-pool-1" daemon [_thread_blocked, id=31849, stack(0x00007f4684666000,0x00007f4684767000)]
  0x00007f46c4052800 JavaThread "block-manager-slave-async-thread-pool-2" daemon [_thread_blocked, id=31848, stack(0x00007f4684767000,0x00007f4684868000)]
  0x00007f46c4051800 JavaThread "block-manager-slave-async-thread-pool-1" daemon [_thread_blocked, id=31847, stack(0x00007f4684868000,0x00007f4684969000)]
  0x00007f46a4066000 JavaThread "block-manager-slave-async-thread-pool-0" daemon [_thread_blocked, id=31846, stack(0x00007f4684969000,0x00007f4684a6a000)]
  0x00007f469c03c800 JavaThread "block-manager-ask-thread-pool-0" daemon [_thread_blocked, id=31845, stack(0x00007f4684a6a000,0x00007f4684b6b000)]
  0x00007f469c039800 JavaThread "task-result-getter-3" daemon [_thread_blocked, id=31840, stack(0x00007f4684b6b000,0x00007f4684c6c000)]
  0x00007f469c038800 JavaThread "task-result-getter-2" daemon [_thread_blocked, id=31839, stack(0x00007f4684c6c000,0x00007f4684d6d000)]
  0x00007f4690033800 JavaThread "task-result-getter-1" daemon [_thread_blocked, id=31838, stack(0x00007f4684d6d000,0x00007f4684e6e000)]
  0x00007f4690031800 JavaThread "task-result-getter-0" daemon [_thread_blocked, id=31837, stack(0x00007f4684e6e000,0x00007f4684f6f000)]
  0x00007f4690016800 JavaThread "Executor task launch worker-3" daemon [_thread_blocked, id=31835, stack(0x00007f468516f000,0x00007f4685270000)]
  0x00007f4690012800 JavaThread "Executor task launch worker-1" daemon [_thread_blocked, id=31833, stack(0x00007f4685371000,0x00007f4685472000)]
  0x00007f4690011000 JavaThread "Executor task launch worker-0" daemon [_thread_blocked, id=31832, stack(0x00007f4685672000,0x00007f4685773000)]
  0x00007f46a8d5a000 JavaThread "SparkListenerBus" daemon [_thread_blocked, id=31829, stack(0x00007f4685dc5000,0x00007f4685ec6000)]
  0x00007f46a8d58800 JavaThread "Spark Context Cleaner" daemon [_thread_blocked, id=31828, stack(0x00007f4685ec6000,0x00007f4685fc7000)]
  0x00007f46a8c8f800 JavaThread "shuffle-server-0" daemon [_thread_blocked, id=31827, stack(0x00007f46861c7000,0x00007f46862c8000)]
  0x00007f46a8b59800 JavaThread "driver-heartbeater" daemon [_thread_blocked, id=31825, stack(0x00007f46864c8000,0x00007f46865c9000)]
  0x00007f46a8b42800 JavaThread "dag-scheduler-event-loop" daemon [_thread_blocked, id=31824, stack(0x00007f46865c9000,0x00007f46866ca000)]
  0x00007f46a8b2a000 JavaThread "Timer-0" daemon [_thread_blocked, id=31823, stack(0x00007f46866ca000,0x00007f46867cb000)]
  0x00007f4690025000 JavaThread "heartbeat-receiver-event-loop-thread" daemon [_thread_blocked, id=31822, stack(0x00007f46867cb000,0x00007f46868cc000)]
  0x00007f46a8b03800 JavaThread "qtp1726845227-73" daemon [_thread_blocked, id=31821, stack(0x00007f46868cc000,0x00007f46869cd000)]
  0x00007f46a8b02000 JavaThread "qtp1726845227-72" daemon [_thread_blocked, id=31820, stack(0x00007f46869cd000,0x00007f4686ace000)]
  0x00007f46a8b00000 JavaThread "qtp1726845227-71" daemon [_thread_blocked, id=31819, stack(0x00007f4686ace000,0x00007f4686bcf000)]
  0x00007f46a8afe800 JavaThread "qtp1726845227-70" daemon [_thread_blocked, id=31818, stack(0x00007f4686bcf000,0x00007f4686cd0000)]
  0x00007f46a8afc800 JavaThread "qtp1726845227-69" daemon [_thread_blocked, id=31817, stack(0x00007f4686cd0000,0x00007f4686dd1000)]
  0x00007f46a8afb000 JavaThread "qtp1726845227-68" daemon [_thread_blocked, id=31816, stack(0x00007f4686dd1000,0x00007f4686ed2000)]
  0x00007f46a8afa000 JavaThread "qtp1726845227-67 Acceptor0 SelectChannelConnector@0.0.0.0:4040" daemon [_thread_in_native, id=31815, stack(0x00007f4686ed2000,0x00007f4686fd3000)]
  0x00007f46a8af7000 JavaThread "qtp1726845227-66 Selector0" daemon [_thread_blocked, id=31814, stack(0x00007f4686fd3000,0x00007f46870d4000)]
  0x00007f46a8a98000 JavaThread "refresh progress" daemon [_thread_blocked, id=31813, stack(0x00007f46876f9000,0x00007f46877fa000)]
  0x00007f46a8a95000 JavaThread "SPARK_CONTEXT cleanup timer" daemon [_thread_blocked, id=31812, stack(0x00007f46877fa000,0x00007f46878fb000)]
  0x00007f46a8a78800 JavaThread "qtp1659333857-62" daemon [_thread_blocked, id=31811, stack(0x00007f4687afb000,0x00007f4687bfc000)]
  0x00007f46a8a76800 JavaThread "qtp1659333857-61" daemon [_thread_blocked, id=31810, stack(0x00007f4687bfc000,0x00007f4687cfd000)]
  0x00007f46a8a75000 JavaThread "qtp1659333857-60" daemon [_thread_blocked, id=31809, stack(0x00007f4687cfd000,0x00007f4687dfe000)]
  0x00007f46a8a73000 JavaThread "qtp1659333857-59" daemon [_thread_blocked, id=31808, stack(0x00007f4687dfe000,0x00007f4687eff000)]
  0x00007f46a8a71800 JavaThread "qtp1659333857-58" daemon [_thread_blocked, id=31807, stack(0x00007f4687eff000,0x00007f4688000000)]
  0x00007f46a8a70000 JavaThread "qtp1659333857-57" daemon [_thread_blocked, id=31806, stack(0x00007f46b000b000,0x00007f46b010c000)]
  0x00007f46a8a6e000 JavaThread "qtp1659333857-56" daemon [_thread_blocked, id=31805, stack(0x00007f46b010c000,0x00007f46b020d000)]
  0x00007f46a8a6d000 JavaThread "qtp1659333857-55 Acceptor0 SocketConnector@0.0.0.0:34343" daemon [_thread_in_native, id=31804, stack(0x00007f46b020d000,0x00007f46b030e000)]
  0x00007f46a8a48000 JavaThread "BROADCAST_VARS cleanup timer" daemon [_thread_blocked, id=31803, stack(0x00007f46b030e000,0x00007f46b040f000)]
  0x00007f46a8a47000 JavaThread "BLOCK_MANAGER cleanup timer" daemon [_thread_blocked, id=31802, stack(0x00007f46b040f000,0x00007f46b0510000)]
  0x00007f46a89e0000 JavaThread "MAP_OUTPUT_TRACKER cleanup timer" daemon [_thread_blocked, id=31801, stack(0x00007f46b0510000,0x00007f46b0611000)]
  0x00007f46881f9800 JavaThread "New I/O server boss #6" daemon [_thread_in_native, id=31799, stack(0x00007f46b0912000,0x00007f46b0a13000)]
  0x00007f4688183800 JavaThread "New I/O worker #5" daemon [_thread_blocked, id=31798, stack(0x00007f46b0a13000,0x00007f46b0b14000)]
  0x00007f4688183000 JavaThread "New I/O worker #4" daemon [_thread_blocked, id=31797, stack(0x00007f46b0b14000,0x00007f46b0c15000)]
  0x00007f4688187800 JavaThread "New I/O boss #3" daemon [_thread_blocked, id=31796, stack(0x00007f46b0c15000,0x00007f46b0d16000)]
  0x00007f4688146000 JavaThread "New I/O worker #2" daemon [_thread_blocked, id=31795, stack(0x00007f46b0d16000,0x00007f46b0e17000)]
  0x00007f468811c800 JavaThread "New I/O worker #1" daemon [_thread_blocked, id=31794, stack(0x00007f46b0e17000,0x00007f46b0f18000)]
  0x00007f469c001000 JavaThread "sparkDriver-akka.actor.default-dispatcher-6" daemon [_thread_blocked, id=31792, stack(0x00007f46b1219000,0x00007f46b131a000)]
  0x00007f46a8817000 JavaThread "sparkDriver-akka.actor.default-dispatcher-5" daemon [_thread_blocked, id=31791, stack(0x00007f46b131a000,0x00007f46b141b000)]
  0x00007f46a8816000 JavaThread "sparkDriver-akka.actor.default-dispatcher-4" daemon [_thread_blocked, id=31790, stack(0x00007f46b141b000,0x00007f46b151c000)]
  0x00007f46a4002000 JavaThread "sparkDriver-akka.actor.default-dispatcher-3" daemon [_thread_blocked, id=31789, stack(0x00007f46b151c000,0x00007f46b161d000)]
  0x00007f46a8803000 JavaThread "sparkDriver-akka.actor.default-dispatcher-2" daemon [_thread_blocked, id=31788, stack(0x00007f46b161d000,0x00007f46b171e000)]
  0x00007f46a878d000 JavaThread "sparkDriver-scheduler-1" daemon [_thread_blocked, id=31787, stack(0x00007f46b171e000,0x00007f46b181f000)]
  0x00007f46b400d800 JavaThread "run-main-0" [_thread_blocked, id=31786, stack(0x00007f46b289e000,0x00007f46b299f000)]
  0x00007f47256f8000 JavaThread "pool-4-thread-4" [_thread_blocked, id=31782, stack(0x00007f470c8f7000,0x00007f470c9f8000)]
  0x00007f4724190000 JavaThread "Service Thread" daemon [_thread_blocked, id=31754, stack(0x00007f470e1c4000,0x00007f470e2c5000)]
  0x00007f4724185000 JavaThread "C1 CompilerThread2" daemon [_thread_blocked, id=31753, stack(0x00007f470e2c5000,0x00007f470e3c6000)]
  0x00007f4724183000 JavaThread "C2 CompilerThread1" daemon [_thread_blocked, id=31752, stack(0x00007f470e3c6000,0x00007f470e4c7000)]
  0x00007f4724180800 JavaThread "C2 CompilerThread0" daemon [_thread_blocked, id=31751, stack(0x00007f470e4c7000,0x00007f470e5c8000)]
  0x00007f472417f000 JavaThread "Signal Dispatcher" daemon [_thread_blocked, id=31750, stack(0x00007f470e5c8000,0x00007f470e6c9000)]
  0x00007f472414b800 JavaThread "Finalizer" daemon [_thread_blocked, id=31749, stack(0x00007f470f0f1000,0x00007f470f1f2000)]
  0x00007f4724147000 JavaThread "Reference Handler" daemon [_thread_blocked, id=31748, stack(0x00007f470f1f2000,0x00007f470f2f3000)]
  0x00007f472400a800 JavaThread "main" [_thread_blocked, id=31742, stack(0x00007f472ca55000,0x00007f472cb56000)]

Other Threads:
=>0x00007f472413f800 VMThread [stack: 0x00007f470f2f3000,0x00007f470f3f4000] [id=31747]
  0x00007f4724195000 WatcherThread [stack: 0x00007f470e0c3000,0x00007f470e1c4000] [id=31755]

VM state:at safepoint (normal execution)

VM Mutex/Monitor currently owned by a thread:  ([mutex/lock_event])
[0x00007f4724006330] ExpandHeap_lock - owner thread: 0x00007f472413f800
[0x00007f47240069b0] Threads_lock - owner thread: 0x00007f472413f800
[0x00007f4724006eb0] Heap_lock - owner thread: 0x00007f46a4019800

Heap:
 PSYoungGen      total 931840K, used 112640K [0x000000076ab00000, 0x00000007c0000000, 0x00000007c0000000)
  eden space 465920K, 0% used [0x000000076ab00000,0x000000076ab00000,0x0000000787200000)
  from space 465920K, 24% used [0x0000000787200000,0x000000078e000020,0x00000007a3900000)
  to   space 465920K, 0% used [0x00000007a3900000,0x00000007a3900000,0x00000007c0000000)
 ParOldGen       total 2226176K, used 2201390K [0x00000006c0000000, 0x0000000747e00000, 0x000000076ab00000)
  object space 2226176K, 98% used [0x00000006c0000000,0x00000007465cb8d0,0x0000000747e00000)
 Metaspace       used 102622K, capacity 103726K, committed 104152K, reserved 1134592K
  class space    used 18957K, capacity 19338K, committed 19456K, reserved 1048576K

Card table byte_map: [0x00007f4728fe4000,0x00007f47297e5000] byte_map_base: 0x00007f47259e4000

Marking Bits: (ParMarkBitMap*) 0x00007f472bf1d280
 Begin Bits: [0x00007f46f8000000, 0x00007f46fc000000)
 End Bits:   [0x00007f46fc000000, 0x00007f4700000000)

Polling page: 0x00007f472cb6f000

CodeCache: size=245760Kb used=32328Kb max_used=32351Kb free=213431Kb
 bounds [0x00007f4715000000, 0x00007f4716fe0000, 0x00007f4724000000]
 total_blobs=12249 nmethods=11660 adapters=497
 compilation: enabled

Compilation events (10 events):
Event: 114.323 Thread 0x00007f4724180800 nmethod 14953 0x00007f47169c4cd0 code [0x00007f47169c4e40, 0x00007f47169c4fd8]
Event: 114.326 Thread 0x00007f4724183000 nmethod 14952 0x00007f4715e9e410 code [0x00007f4715e9e580, 0x00007f4715e9e9b8]
Event: 114.608 Thread 0x00007f4724185000 14954       3       akka.actor.LightArrayRevolverScheduler::akka$actor$LightArrayRevolverScheduler$$schedule (147 bytes)
Event: 114.610 Thread 0x00007f4724185000 nmethod 14954 0x00007f4716fd3b50 code [0x00007f4716fd3e00, 0x00007f4716fd5558]
Event: 114.720 Thread 0x00007f4724185000 14955       3       scala.collection.mutable.ArrayBuilder$ofRef::result (5 bytes)
Event: 114.720 Thread 0x00007f4724185000 nmethod 14955 0x00007f4716d0d390 code [0x00007f4716d0d520, 0x00007f4716d0d808]
Event: 114.919 Thread 0x00007f4724180800 14956       4       scala.collection.immutable.VectorBuilder::result (5 bytes)
Event: 114.922 Thread 0x00007f4724180800 nmethod 14956 0x00007f47169c4810 code [0x00007f47169c4980, 0x00007f47169c4b18]
Event: 115.520 Thread 0x00007f4724185000 14957       1       org.spark-project.jetty.util.thread.QueuedThreadPool::access$000 (5 bytes)
Event: 115.520 Thread 0x00007f4724185000 nmethod 14957 0x00007f4715e9e150 code [0x00007f4715e9e2a0, 0x00007f4715e9e390]

GC Heap History (10 events):
Event: 106.080 GC heap after
Heap after GC invocations=51 (full 10):
 PSYoungGen      total 931840K, used 0K [0x000000076ab00000, 0x00000007c0000000, 0x00000007c0000000)
  eden space 465920K, 0% used [0x000000076ab00000,0x000000076ab00000,0x0000000787200000)
  from space 465920K, 0% used [0x0000000787200000,0x0000000787200000,0x00000007a3900000)
  to   space 465920K, 0% used [0x00000007a3900000,0x00000007a3900000,0x00000007c0000000)
 ParOldGen       total 2226176K, used 1644711K [0x00000006c0000000, 0x0000000747e00000, 0x000000076ab00000)
  object space 2226176K, 73% used [0x00000006c0000000,0x0000000724629f18,0x0000000747e00000)
 Metaspace       used 102608K, capacity 103726K, committed 104152K, reserved 1134592K
  class space    used 18957K, capacity 19338K, committed 19456K, reserved 1048576K
}
Event: 108.383 GC heap before
{Heap before GC invocations=52 (full 10):
 PSYoungGen      total 931840K, used 465920K [0x000000076ab00000, 0x00000007c0000000, 0x00000007c0000000)
  eden space 465920K, 100% used [0x000000076ab00000,0x0000000787200000,0x0000000787200000)
  from space 465920K, 0% used [0x0000000787200000,0x0000000787200000,0x00000007a3900000)
  to   space 465920K, 0% used [0x00000007a3900000,0x00000007a3900000,0x00000007c0000000)
 ParOldGen       total 2226176K, used 1644711K [0x00000006c0000000, 0x0000000747e00000, 0x000000076ab00000)
  object space 2226176K, 73% used [0x00000006c0000000,0x0000000724629f18,0x0000000747e00000)
 Metaspace       used 102608K, capacity 103726K, committed 104152K, reserved 1134592K
  class space    used 18957K, capacity 19338K, committed 19456K, reserved 1048576K
Event: 108.622 GC heap after
Heap after GC invocations=52 (full 10):
 PSYoungGen      total 931840K, used 185216K [0x000000076ab00000, 0x00000007c0000000, 0x00000007c0000000)
  eden space 465920K, 0% used [0x000000076ab00000,0x000000076ab00000,0x0000000787200000)
  from space 465920K, 39% used [0x00000007a3900000,0x00000007aede0040,0x00000007c0000000)
  to   space 465920K, 0% used [0x0000000787200000,0x0000000787200000,0x00000007a3900000)
 ParOldGen       total 2226176K, used 1644711K [0x00000006c0000000, 0x0000000747e00000, 0x000000076ab00000)
  object space 2226176K, 73% used [0x00000006c0000000,0x0000000724629f18,0x0000000747e00000)
 Metaspace       used 102608K, capacity 103726K, committed 104152K, reserved 1134592K
  class space    used 18957K, capacity 19338K, committed 19456K, reserved 1048576K
}
Event: 110.659 GC heap before
{Heap before GC invocations=53 (full 10):
 PSYoungGen      total 931840K, used 651136K [0x000000076ab00000, 0x00000007c0000000, 0x00000007c0000000)
  eden space 465920K, 100% used [0x000000076ab00000,0x0000000787200000,0x0000000787200000)
  from space 465920K, 39% used [0x00000007a3900000,0x00000007aede0040,0x00000007c0000000)
  to   space 465920K, 0% used [0x0000000787200000,0x0000000787200000,0x00000007a3900000)
 ParOldGen       total 2226176K, used 1644711K [0x00000006c0000000, 0x0000000747e00000, 0x000000076ab00000)
  object space 2226176K, 73% used [0x00000006c0000000,0x0000000724629f18,0x0000000747e00000)
 Metaspace       used 102609K, capacity 103726K, committed 104152K, reserved 1134592K
  class space    used 18957K, capacity 19338K, committed 19456K, reserved 1048576K
Event: 111.087 GC heap after
Heap after GC invocations=53 (full 10):
 PSYoungGen      total 931840K, used 355424K [0x000000076ab00000, 0x00000007c0000000, 0x00000007c0000000)
  eden space 465920K, 0% used [0x000000076ab00000,0x000000076ab00000,0x0000000787200000)
  from space 465920K, 76% used [0x0000000787200000,0x000000079cd18040,0x00000007a3900000)
  to   space 465920K, 0% used [0x00000007a3900000,0x00000007a3900000,0x00000007c0000000)
 ParOldGen       total 2226176K, used 1644711K [0x00000006c0000000, 0x0000000747e00000, 0x000000076ab00000)
  object space 2226176K, 73% used [0x00000006c0000000,0x0000000724629f18,0x0000000747e00000)
 Metaspace       used 102609K, capacity 103726K, committed 104152K, reserved 1134592K
  class space    used 18957K, capacity 19338K, committed 19456K, reserved 1048576K
}
Event: 113.651 GC heap before
{Heap before GC invocations=54 (full 10):
 PSYoungGen      total 931840K, used 821344K [0x000000076ab00000, 0x00000007c0000000, 0x00000007c0000000)
  eden space 465920K, 100% used [0x000000076ab00000,0x0000000787200000,0x0000000787200000)
  from space 465920K, 76% used [0x0000000787200000,0x000000079cd18040,0x00000007a3900000)
  to   space 465920K, 0% used [0x00000007a3900000,0x00000007a3900000,0x00000007c0000000)
 ParOldGen       total 2226176K, used 1644711K [0x00000006c0000000, 0x0000000747e00000, 0x000000076ab00000)
  object space 2226176K, 73% used [0x00000006c0000000,0x0000000724629f18,0x0000000747e00000)
 Metaspace       used 102619K, capacity 103726K, committed 104152K, reserved 1134592K
  class space    used 18957K, capacity 19338K, committed 19456K, reserved 1048576K
Event: 114.319 GC heap after
Heap after GC invocations=54 (full 10):
 PSYoungGen      total 931840K, used 373824K [0x000000076ab00000, 0x00000007c0000000, 0x00000007c0000000)
  eden space 465920K, 0% used [0x000000076ab00000,0x000000076ab00000,0x0000000787200000)
  from space 465920K, 80% used [0x00000007a3900000,0x00000007ba610030,0x00000007c0000000)
  to   space 465920K, 0% used [0x0000000787200000,0x0000000787200000,0x00000007a3900000)
 ParOldGen       total 2226176K, used 1779543K [0x00000006c0000000, 0x0000000747e00000, 0x000000076ab00000)
  object space 2226176K, 79% used [0x00000006c0000000,0x000000072c9d5f28,0x0000000747e00000)
 Metaspace       used 102619K, capacity 103726K, committed 104152K, reserved 1134592K
  class space    used 18957K, capacity 19338K, committed 19456K, reserved 1048576K
}
Event: 115.820 GC heap before
{Heap before GC invocations=55 (full 10):
 PSYoungGen      total 931840K, used 839744K [0x000000076ab00000, 0x00000007c0000000, 0x00000007c0000000)
  eden space 465920K, 100% used [0x000000076ab00000,0x0000000787200000,0x0000000787200000)
  from space 465920K, 80% used [0x00000007a3900000,0x00000007ba610030,0x00000007c0000000)
  to   space 465920K, 0% used [0x0000000787200000,0x0000000787200000,0x00000007a3900000)
 ParOldGen       total 2226176K, used 1779543K [0x00000006c0000000, 0x0000000747e00000, 0x000000076ab00000)
  object space 2226176K, 79% used [0x00000006c0000000,0x000000072c9d5f60,0x0000000747e00000)
 Metaspace       used 102622K, capacity 103726K, committed 104152K, reserved 1134592K
  class space    used 18957K, capacity 19338K, committed 19456K, reserved 1048576K
Event: 116.526 GC heap after
Heap after GC invocations=55 (full 10):
 PSYoungGen      total 931840K, used 288576K [0x000000076ab00000, 0x00000007c0000000, 0x00000007c0000000)
  eden space 465920K, 0% used [0x000000076ab00000,0x000000076ab00000,0x0000000787200000)
  from space 465920K, 61% used [0x0000000787200000,0x0000000798bd0030,0x00000007a3900000)
  to   space 465920K, 0% used [0x00000007a3900000,0x00000007a3900000,0x00000007c0000000)
 ParOldGen       total 2226176K, used 2052703K [0x00000006c0000000, 0x0000000747e00000, 0x000000076ab00000)
  object space 2226176K, 92% used [0x00000006c0000000,0x000000073d497f60,0x0000000747e00000)
 Metaspace       used 102622K, capacity 103726K, committed 104152K, reserved 1134592K
  class space    used 18957K, capacity 19338K, committed 19456K, reserved 1048576K
}
Event: 116.526 GC heap before
{Heap before GC invocations=56 (full 11):
 PSYoungGen      total 931840K, used 288576K [0x000000076ab00000, 0x00000007c0000000, 0x00000007c0000000)
  eden space 465920K, 0% used [0x000000076ab00000,0x000000076ab00000,0x0000000787200000)
  from space 465920K, 61% used [0x0000000787200000,0x0000000798bd0030,0x00000007a3900000)
  to   space 465920K, 0% used [0x00000007a3900000,0x00000007a3900000,0x00000007c0000000)
 ParOldGen       total 2226176K, used 2052703K [0x00000006c0000000, 0x0000000747e00000, 0x000000076ab00000)
  object space 2226176K, 92% used [0x00000006c0000000,0x000000073d497f60,0x0000000747e00000)
 Metaspace       used 102622K, capacity 103726K, committed 104152K, reserved 1134592K
  class space    used 18957K, capacity 19338K, committed 19456K, reserved 1048576K

Deoptimization events (10 events):
Event: 68.771 Thread 0x00007f46a8b59800 Uncommon trap: reason=class_check action=maybe_recompile pc=0x00007f4716d626e4 method=scala.runtime.ScalaRunTime$.array_apply(Ljava/lang/Object;I)Ljava/lang/Object; @ 1
Event: 78.772 Thread 0x00007f46a8b59800 Uncommon trap: reason=class_check action=maybe_recompile pc=0x00007f4716d626e4 method=scala.runtime.ScalaRunTime$.array_apply(Ljava/lang/Object;I)Ljava/lang/Object; @ 1
Event: 79.306 Thread 0x00007f46a4019800 Uncommon trap: reason=unstable_if action=reinterpret pc=0x00007f47168829bc method=org.apache.spark.storage.DiskBlockObjectWriter.write(Ljava/lang/Object;Ljava/lang/Object;)V @ 4
Event: 89.598 Thread 0x00007f46a0001000 Uncommon trap: reason=unstable_if action=reinterpret pc=0x00007f4716e317dc method=scala.concurrent.forkjoin.ForkJoinPool.scan(Lscala/concurrent/forkjoin/ForkJoinPool$WorkQueue;)Lscala/concurrent/forkjoin/ForkJoinTask; @ 204
Event: 91.050 Thread 0x00007f46a4019800 Uncommon trap: reason=unstable_if action=reinterpret pc=0x00007f4716d324f4 method=org.apache.spark.util.collection.ExternalAppendOnlyMap.insertAll(Lscala/collection/Iterator;)V @ 78
Event: 91.050 Thread 0x00007f46a4019800 Uncommon trap: reason=unstable_if action=reinterpret pc=0x00007f4716d97768 method=org.apache.spark.util.collection.AppendOnlyMap.changeValue(Ljava/lang/Object;Lscala/Function2;)Ljava/lang/Object; @ 115
Event: 91.551 Thread 0x00007f46a4019800 Uncommon trap: reason=unstable_if action=reinterpret pc=0x00007f4715956b10 method=org.apache.spark.util.collection.AppendOnlyMap.changeValue(Ljava/lang/Object;Lscala/Function2;)Ljava/lang/Object; @ 115
Event: 99.112 Thread 0x00007f46a4019800 Uncommon trap: reason=array_check action=maybe_recompile pc=0x00007f4716dc05a8 method=java.io.ObjectInputStream.readArray(Z)Ljava/lang/Object; @ 415
Event: 99.115 Thread 0x00007f46a4019800 Uncommon trap: reason=bimorphic action=maybe_recompile pc=0x00007f4715fe02c0 method=java.io.BufferedInputStream.read([BII)I @ 101
Event: 99.117 Thread 0x00007f46a4019800 Uncommon trap: reason=bimorphic action=maybe_recompile pc=0x00007f4715fe02c0 method=java.io.BufferedInputStream.read([BII)I @ 101

Classes redefined (0 events):
No events

Internal exceptions (10 events):
Event: 55.314 Thread 0x00007f4690016800 Exception <a 'java/lang/NoSuchMethodError': <clinit>> (0x000000077d89f2c0) thrown at [/HUDSON/workspace/8-2-build-linux-amd64/jdk8u171/10807/hotspot/src/share/vm/prims/jni.cpp, line 1613]
Event: 57.997 Thread 0x00007f46a8817000 Exception <a 'java/lang/NoSuchMethodError': <clinit>> (0x000000076b4501e8) thrown at [/HUDSON/workspace/8-2-build-linux-amd64/jdk8u171/10807/hotspot/src/share/vm/prims/jni.cpp, line 1613]
Event: 58.040 Thread 0x00007f4690011000 Implicit null exception at 0x00007f4716dbae4c to 0x00007f4716dbaea1
Event: 58.045 Thread 0x00007f4690016800 Exception <a 'java/lang/NoSuchMethodError': <clinit>> (0x00000007991eb470) thrown at [/HUDSON/workspace/8-2-build-linux-amd64/jdk8u171/10807/hotspot/src/share/vm/prims/jni.cpp, line 1613]
Event: 58.046 Thread 0x00007f4690016800 Exception <a 'java/lang/NoSuchMethodError': <clinit>> (0x00000007991f5d38) thrown at [/HUDSON/workspace/8-2-build-linux-amd64/jdk8u171/10807/hotspot/src/share/vm/prims/jni.cpp, line 1613]
Event: 58.908 Thread 0x00007f46a4068800 Exception <a 'java/lang/NoSuchMethodError': <clinit>> (0x00000007a13a2fb0) thrown at [/HUDSON/workspace/8-2-build-linux-amd64/jdk8u171/10807/hotspot/src/share/vm/prims/jni.cpp, line 1613]
Event: 64.424 Thread 0x00007f46a4019800 Implicit null exception at 0x00007f4716d78064 to 0x00007f4716d78f49
Event: 79.308 Thread 0x00007f46a4019800 Exception <a 'java/lang/NoSuchMethodError': <clinit>> (0x0000000796025d80) thrown at [/HUDSON/workspace/8-2-build-linux-amd64/jdk8u171/10807/hotspot/src/share/vm/prims/jni.cpp, line 1613]
Event: 91.050 Thread 0x00007f46a4019800 Implicit null exception at 0x00007f4716d97498 to 0x00007f4716d97745
Event: 91.551 Thread 0x00007f46a4019800 Implicit null exception at 0x00007f4715956856 to 0x00007f4715956aed

Events (10 events):
Event: 107.095 Thread 0x00007f4690015000 Thread exited: 0x00007f4690015000
Event: 108.383 Executing VM operation: ParallelGCFailedAllocation
Event: 108.622 Executing VM operation: ParallelGCFailedAllocation done
Event: 110.659 Executing VM operation: ParallelGCFailedAllocation
Event: 111.087 Executing VM operation: ParallelGCFailedAllocation done
Event: 113.651 Executing VM operation: ParallelGCFailedAllocation
Event: 114.319 Executing VM operation: ParallelGCFailedAllocation done
Event: 115.820 Executing VM operation: ParallelGCFailedAllocation
Event: 115.820 Executing VM operation: ParallelGCFailedAllocation done
Event: 115.820 Executing VM operation: ParallelGCSystemGC


Dynamic libraries:
00400000-00401000 r-xp 00000000 08:04 1316799                            /usr/lib/jvm/java-8-oracle/jre/bin/java
00600000-00601000 rw-p 00000000 08:04 1316799                            /usr/lib/jvm/java-8-oracle/jre/bin/java
00fe8000-01009000 rw-p 00000000 00:00 0                                  [heap]
6c0000000-747e00000 rw-p 00000000 00:00 0 
76ab00000-7c0000000 rw-p 00000000 00:00 0 
7c0000000-7c1300000 rw-p 00000000 00:00 0 
7c1300000-800000000 ---p 00000000 00:00 0 
7f4684264000-7f4684324000 rw-p 00000000 00:00 0 
7f4684324000-7f4684464000 ---p 00000000 00:00 0 
7f4684464000-7f4684467000 ---p 00000000 00:00 0 
7f4684467000-7f4684565000 rw-p 00000000 00:00 0 
7f4684565000-7f4684568000 ---p 00000000 00:00 0 
7f4684568000-7f4684666000 rw-p 00000000 00:00 0 
7f4684666000-7f4684669000 ---p 00000000 00:00 0 
7f4684669000-7f4684767000 rw-p 00000000 00:00 0 
7f4684767000-7f468476a000 ---p 00000000 00:00 0 
7f468476a000-7f4684868000 rw-p 00000000 00:00 0 
7f4684868000-7f468486b000 ---p 00000000 00:00 0 
7f468486b000-7f4684969000 rw-p 00000000 00:00 0 
7f4684969000-7f468496c000 ---p 00000000 00:00 0 
7f468496c000-7f4684a6a000 rw-p 00000000 00:00 0 
7f4684a6a000-7f4684a6d000 ---p 00000000 00:00 0 
7f4684a6d000-7f4684b6b000 rw-p 00000000 00:00 0 
7f4684b6b000-7f4684b6e000 ---p 00000000 00:00 0 
7f4684b6e000-7f4684c6c000 rw-p 00000000 00:00 0 
7f4684c6c000-7f4684c6f000 ---p 00000000 00:00 0 
7f4684c6f000-7f4684d6d000 rw-p 00000000 00:00 0 
7f4684d6d000-7f4684d70000 ---p 00000000 00:00 0 
7f4684d70000-7f4684e6e000 rw-p 00000000 00:00 0 
7f4684e6e000-7f4684e71000 ---p 00000000 00:00 0 
7f4684e71000-7f468516f000 rw-p 00000000 00:00 0 
7f468516f000-7f4685172000 ---p 00000000 00:00 0 
7f4685172000-7f4685270000 rw-p 00000000 00:00 0 
7f4685270000-7f4685273000 ---p 00000000 00:00 0 
7f4685273000-7f4685371000 rw-p 00000000 00:00 0 
7f4685371000-7f4685374000 ---p 00000000 00:00 0 
7f4685374000-7f4685672000 rw-p 00000000 00:00 0 
7f4685672000-7f4685675000 ---p 00000000 00:00 0 
7f4685675000-7f4685973000 rw-p 00000000 00:00 0 
7f4685973000-7f46859b0000 r-xp 00000000 08:04 681405                     /tmp/snappy-unknown-b3893e03-8365-4bb4-8fde-60467fb72f59-libsnappyjava.so
7f46859b0000-7f4685bb0000 ---p 0003d000 08:04 681405                     /tmp/snappy-unknown-b3893e03-8365-4bb4-8fde-60467fb72f59-libsnappyjava.so
7f4685bb0000-7f4685bb3000 rw-p 0003d000 08:04 681405                     /tmp/snappy-unknown-b3893e03-8365-4bb4-8fde-60467fb72f59-libsnappyjava.so
7f4685bb3000-7f4685dc5000 rw-p 00000000 00:00 0 
7f4685dc5000-7f4685dc8000 ---p 00000000 00:00 0 
7f4685dc8000-7f4685ec6000 rw-p 00000000 00:00 0 
7f4685ec6000-7f4685ec9000 ---p 00000000 00:00 0 
7f4685ec9000-7f46861c7000 rw-p 00000000 00:00 0 
7f46861c7000-7f46861ca000 ---p 00000000 00:00 0 
7f46861ca000-7f46864c8000 rw-p 00000000 00:00 0 
7f46864c8000-7f46864cb000 ---p 00000000 00:00 0 
7f46864cb000-7f46865c9000 rw-p 00000000 00:00 0 
7f46865c9000-7f46865cc000 ---p 00000000 00:00 0 
7f46865cc000-7f46866ca000 rw-p 00000000 00:00 0 
7f46866ca000-7f46866cd000 ---p 00000000 00:00 0 
7f46866cd000-7f46867cb000 rw-p 00000000 00:00 0 
7f46867cb000-7f46867ce000 ---p 00000000 00:00 0 
7f46867ce000-7f46868cc000 rw-p 00000000 00:00 0 
7f46868cc000-7f46868cf000 ---p 00000000 00:00 0 
7f46868cf000-7f46869cd000 rw-p 00000000 00:00 0 
7f46869cd000-7f46869d0000 ---p 00000000 00:00 0 
7f46869d0000-7f4686ace000 rw-p 00000000 00:00 0 
7f4686ace000-7f4686ad1000 ---p 00000000 00:00 0 
7f4686ad1000-7f4686bcf000 rw-p 00000000 00:00 0 
7f4686bcf000-7f4686bd2000 ---p 00000000 00:00 0 
7f4686bd2000-7f4686cd0000 rw-p 00000000 00:00 0 
7f4686cd0000-7f4686cd3000 ---p 00000000 00:00 0 
7f4686cd3000-7f4686dd1000 rw-p 00000000 00:00 0 
7f4686dd1000-7f4686dd4000 ---p 00000000 00:00 0 
7f4686dd4000-7f4686ed2000 rw-p 00000000 00:00 0 
7f4686ed2000-7f4686ed5000 ---p 00000000 00:00 0 
7f4686ed5000-7f4686fd3000 rw-p 00000000 00:00 0 
7f4686fd3000-7f4686fd6000 ---p 00000000 00:00 0 
7f4686fd6000-7f46870d4000 rw-p 00000000 00:00 0 
7f46870d4000-7f46870eb000 r-xp 00000000 08:04 529024                     /lib/x86_64-linux-gnu/libresolv-2.23.so
7f46870eb000-7f46872eb000 ---p 00017000 08:04 529024                     /lib/x86_64-linux-gnu/libresolv-2.23.so
7f46872eb000-7f46872ec000 r--p 00017000 08:04 529024                     /lib/x86_64-linux-gnu/libresolv-2.23.so
7f46872ec000-7f46872ed000 rw-p 00018000 08:04 529024                     /lib/x86_64-linux-gnu/libresolv-2.23.so
7f46872ed000-7f46872ef000 rw-p 00000000 00:00 0 
7f46872ef000-7f46872f4000 r-xp 00000000 08:04 528969                     /lib/x86_64-linux-gnu/libnss_dns-2.23.so
7f46872f4000-7f46874f4000 ---p 00005000 08:04 528969                     /lib/x86_64-linux-gnu/libnss_dns-2.23.so
7f46874f4000-7f46874f5000 r--p 00005000 08:04 528969                     /lib/x86_64-linux-gnu/libnss_dns-2.23.so
7f46874f5000-7f46874f6000 rw-p 00006000 08:04 528969                     /lib/x86_64-linux-gnu/libnss_dns-2.23.so
7f46874f6000-7f46874f8000 r-xp 00000000 08:04 528977                     /lib/x86_64-linux-gnu/libnss_mdns4_minimal.so.2
7f46874f8000-7f46876f7000 ---p 00002000 08:04 528977                     /lib/x86_64-linux-gnu/libnss_mdns4_minimal.so.2
7f46876f7000-7f46876f8000 r--p 00001000 08:04 528977                     /lib/x86_64-linux-gnu/libnss_mdns4_minimal.so.2
7f46876f8000-7f46876f9000 rw-p 00002000 08:04 528977                     /lib/x86_64-linux-gnu/libnss_mdns4_minimal.so.2
7f46876f9000-7f46876fc000 ---p 00000000 00:00 0 
7f46876fc000-7f46877fa000 rw-p 00000000 00:00 0 
7f46877fa000-7f46877fd000 ---p 00000000 00:00 0 
7f46877fd000-7f4687afb000 rw-p 00000000 00:00 0 
7f4687afb000-7f4687afe000 ---p 00000000 00:00 0 
7f4687afe000-7f4687bfc000 rw-p 00000000 00:00 0 
7f4687bfc000-7f4687bff000 ---p 00000000 00:00 0 
7f4687bff000-7f4687cfd000 rw-p 00000000 00:00 0 
7f4687cfd000-7f4687d00000 ---p 00000000 00:00 0 
7f4687d00000-7f4687dfe000 rw-p 00000000 00:00 0 
7f4687dfe000-7f4687e01000 ---p 00000000 00:00 0 
7f4687e01000-7f4687eff000 rw-p 00000000 00:00 0 
7f4687eff000-7f4687f02000 ---p 00000000 00:00 0 
7f4687f02000-7f4688000000 rw-p 00000000 00:00 0 
7f4688000000-7f46882fc000 rw-p 00000000 00:00 0 
7f46882fc000-7f468c000000 ---p 00000000 00:00 0 
7f468c000000-7f468c021000 rw-p 00000000 00:00 0 
7f468c021000-7f4690000000 ---p 00000000 00:00 0 
7f4690000000-7f46900e3000 rw-p 00000000 00:00 0 
7f46900e3000-7f4694000000 ---p 00000000 00:00 0 
7f4694000000-7f4694021000 rw-p 00000000 00:00 0 
7f4694021000-7f4698000000 ---p 00000000 00:00 0 
7f4698000000-7f4698052000 rw-p 00000000 00:00 0 
7f4698052000-7f469c000000 ---p 00000000 00:00 0 
7f469c000000-7f469c0d5000 rw-p 00000000 00:00 0 
7f469c0d5000-7f46a0000000 ---p 00000000 00:00 0 
7f46a0000000-7f46a0290000 rw-p 00000000 00:00 0 
7f46a0290000-7f46a4000000 ---p 00000000 00:00 0 
7f46a4000000-7f46a40c3000 rw-p 00000000 00:00 0 
7f46a40c3000-7f46a8000000 ---p 00000000 00:00 0 
7f46a8000000-7f46a8ecf000 rw-p 00000000 00:00 0 
7f46a8ecf000-7f46ac000000 ---p 00000000 00:00 0 
7f46ac000000-7f46ac050000 rw-p 00000000 00:00 0 
7f46ac050000-7f46b0000000 ---p 00000000 00:00 0 
7f46b000b000-7f46b000e000 ---p 00000000 00:00 0 
7f46b000e000-7f46b010c000 rw-p 00000000 00:00 0 
7f46b010c000-7f46b010f000 ---p 00000000 00:00 0 
7f46b010f000-7f46b020d000 rw-p 00000000 00:00 0 
7f46b020d000-7f46b0210000 ---p 00000000 00:00 0 
7f46b0210000-7f46b030e000 rw-p 00000000 00:00 0 
7f46b030e000-7f46b0311000 ---p 00000000 00:00 0 
7f46b0311000-7f46b040f000 rw-p 00000000 00:00 0 
7f46b040f000-7f46b0412000 ---p 00000000 00:00 0 
7f46b0412000-7f46b0510000 rw-p 00000000 00:00 0 
7f46b0510000-7f46b0513000 ---p 00000000 00:00 0 
7f46b0513000-7f46b0811000 rw-p 00000000 00:00 0 
7f46b0811000-7f46b0814000 ---p 00000000 00:00 0 
7f46b0814000-7f46b0912000 rw-p 00000000 00:00 0 
7f46b0912000-7f46b0915000 ---p 00000000 00:00 0 
7f46b0915000-7f46b0a13000 rw-p 00000000 00:00 0 
7f46b0a13000-7f46b0a16000 ---p 00000000 00:00 0 
7f46b0a16000-7f46b0b14000 rw-p 00000000 00:00 0 
7f46b0b14000-7f46b0b17000 ---p 00000000 00:00 0 
7f46b0b17000-7f46b0c15000 rw-p 00000000 00:00 0 
7f46b0c15000-7f46b0c18000 ---p 00000000 00:00 0 
7f46b0c18000-7f46b0d16000 rw-p 00000000 00:00 0 
7f46b0d16000-7f46b0d19000 ---p 00000000 00:00 0 
7f46b0d19000-7f46b0e17000 rw-p 00000000 00:00 0 
7f46b0e17000-7f46b0e1a000 ---p 00000000 00:00 0 
7f46b0e1a000-7f46b0f18000 rw-p 00000000 00:00 0 
7f46b0f18000-7f46b0f1b000 ---p 00000000 00:00 0 
7f46b0f1b000-7f46b1219000 rw-p 00000000 00:00 0 
7f46b1219000-7f46b121c000 ---p 00000000 00:00 0 
7f46b121c000-7f46b131a000 rw-p 00000000 00:00 0 
7f46b131a000-7f46b131d000 ---p 00000000 00:00 0 
7f46b131d000-7f46b141b000 rw-p 00000000 00:00 0 
7f46b141b000-7f46b141e000 ---p 00000000 00:00 0 
7f46b141e000-7f46b151c000 rw-p 00000000 00:00 0 
7f46b151c000-7f46b151f000 ---p 00000000 00:00 0 
7f46b151f000-7f46b161d000 rw-p 00000000 00:00 0 
7f46b161d000-7f46b1620000 ---p 00000000 00:00 0 
7f46b1620000-7f46b171e000 rw-p 00000000 00:00 0 
7f46b171e000-7f46b1721000 ---p 00000000 00:00 0 
7f46b1721000-7f46b1a1f000 rw-p 00000000 00:00 0 
7f46b1a1f000-7f46b1a35000 r-xp 00000000 08:04 528910                     /lib/x86_64-linux-gnu/libgcc_s.so.1
7f46b1a35000-7f46b1c34000 ---p 00016000 08:04 528910                     /lib/x86_64-linux-gnu/libgcc_s.so.1
7f46b1c34000-7f46b1c35000 rw-p 00015000 08:04 528910                     /lib/x86_64-linux-gnu/libgcc_s.so.1
7f46b1c4a000-7f46b1c7c000 r-xp 00000000 08:04 1317036                    /usr/lib/jvm/java-8-oracle/jre/lib/amd64/libsunec.so
7f46b1c7c000-7f46b1e7b000 ---p 00032000 08:04 1317036                    /usr/lib/jvm/java-8-oracle/jre/lib/amd64/libsunec.so
7f46b1e7b000-7f46b1e81000 rw-p 00031000 08:04 1317036                    /usr/lib/jvm/java-8-oracle/jre/lib/amd64/libsunec.so
7f46b1e81000-7f46b2091000 rw-p 00000000 00:00 0 
7f46b2091000-7f46b2094000 r--s 0001a000 08:04 1316836                    /usr/lib/jvm/java-8-oracle/jre/lib/jce.jar
7f46b2094000-7f46b2095000 r-xp 00000000 08:04 1317065                    /usr/lib/jvm/java-8-oracle/jre/lib/amd64/libjaas_unix.so
7f46b2095000-7f46b2294000 ---p 00001000 08:04 1317065                    /usr/lib/jvm/java-8-oracle/jre/lib/amd64/libjaas_unix.so
7f46b2294000-7f46b2295000 rw-p 00000000 08:04 1317065                    /usr/lib/jvm/java-8-oracle/jre/lib/amd64/libjaas_unix.so
7f46b2295000-7f46b2495000 rw-p 00000000 00:00 0 
7f46b2495000-7f46b249e000 r-xp 00000000 08:04 1317088                    /usr/lib/jvm/java-8-oracle/jre/lib/amd64/libmanagement.so
7f46b249e000-7f46b269d000 ---p 00009000 08:04 1317088                    /usr/lib/jvm/java-8-oracle/jre/lib/amd64/libmanagement.so
7f46b269d000-7f46b269e000 rw-p 00008000 08:04 1317088                    /usr/lib/jvm/java-8-oracle/jre/lib/amd64/libmanagement.so
7f46b269e000-7f46b289e000 rw-p 00000000 00:00 0 
7f46b289e000-7f46b28a1000 ---p 00000000 00:00 0 
7f46b28a1000-7f46b2b9f000 rw-p 00000000 00:00 0 
7f46b2b9f000-7f46b2d9f000 rw-p 00000000 00:00 0 
7f46b2d9f000-7f46b2f9f000 rw-p 00000000 00:00 0 
7f46b2f9f000-7f46b319f000 rw-p 00000000 00:00 0 
7f46b319f000-7f46b3395000 rw-p 00000000 00:00 0 
7f46b3395000-7f46b339f000 ---p 00000000 00:00 0 
7f46b339f000-7f46b359f000 rw-p 00000000 00:00 0 
7f46b359f000-7f46b379f000 rw-p 00000000 00:00 0 
7f46b379f000-7f46b399f000 rw-p 00000000 00:00 0 
7f46b399f000-7f46b3b9f000 rw-p 00000000 00:00 0 
7f46b3b9f000-7f46b3ba5000 r--s 0004b000 08:04 1065894                    /home/florian/.ivy2/cache/org.jfree/jcommon/jars/jcommon-1.0.23.jar
7f46b3ba5000-7f46b3bb6000 r--s 0016e000 08:04 1065893                    /home/florian/.ivy2/cache/org.jfree/jfreechart/jars/jfreechart-1.0.19.jar
7f46b3bb6000-7f46b3bca000 r--s 000ec000 08:04 1860105                    /home/florian/.ivy2/cache/org.apache.parquet/parquet-jackson/jars/parquet-jackson-1.7.0.jar
7f46b3bca000-7f46b3bd1000 r--s 00058000 08:04 1860104                    /home/florian/.ivy2/cache/org.apache.parquet/parquet-format/jars/parquet-format-2.3.0-incubating.jar
7f46b3bd1000-7f46b3bd6000 r--s 0002f000 08:04 1860100                    /home/florian/.ivy2/cache/org.apache.parquet/parquet-hadoop/jars/parquet-hadoop-1.7.0.jar
7f46b3bd6000-7f46b3bd8000 r--s 00010000 08:04 1473279                    /home/florian/.ivy2/cache/commons-codec/commons-codec/jars/commons-codec-1.5.jar
7f46b3bd8000-7f46b3bda000 r--s 00004000 08:04 1860103                    /home/florian/.ivy2/cache/org.apache.parquet/parquet-generator/jars/parquet-generator-1.7.0.jar
7f46b3bda000-7f46b3be0000 r--s 00040000 08:04 1860102                    /home/florian/.ivy2/cache/org.apache.parquet/parquet-encoding/jars/parquet-encoding-1.7.0.jar
7f46b3be0000-7f46b3be2000 r--s 00004000 08:04 1860101                    /home/florian/.ivy2/cache/org.apache.parquet/parquet-common/jars/parquet-common-1.7.0.jar
7f46b3be2000-7f46b3bf8000 r--s 000ca000 08:04 1860099                    /home/florian/.ivy2/cache/org.apache.parquet/parquet-column/jars/parquet-column-1.7.0.jar
7f46b3bf8000-7f46b3bfa000 r--s 00006000 08:04 429861                     /home/florian/.ivy2/cache/org.codehaus.janino/commons-compiler/jars/commons-compiler-2.7.8.jar
7f46b3bfa000-7f46b3c03000 r--s 0008d000 08:04 806165                     /home/florian/.ivy2/cache/org.codehaus.janino/janino/jars/janino-2.7.8.jar
7f46b3c03000-7f46b3c5f000 r--s 00408000 08:04 1068910                    /home/florian/.ivy2/cache/org.apache.spark/spark-catalyst_2.10/jars/spark-catalyst_2.10-1.5.1.jar
7f46b3c5f000-7f46b3ca3000 r--s 0030b000 08:04 1068892                    /home/florian/.ivy2/cache/org.apache.spark/spark-sql_2.10/jars/spark-sql_2.10-1.5.1.jar
7f46b3ca3000-7f46b3ca5000 r--s 00012000 08:04 1860085                    /home/florian/.ivy2/cache/net.sf.py4j/py4j/jars/py4j-0.8.2.1.jar
7f46b3ca5000-7f46b3ca7000 r--s 00013000 08:04 1860084                    /home/florian/.ivy2/cache/net.razorvine/pyrolite/jars/pyrolite-4.4.jar
7f46b3ca7000-7f46b3ca8000 r--s 00001000 08:04 1473277                    /home/florian/.ivy2/cache/org.tachyonproject/tachyon-underfs-local/jars/tachyon-underfs-local-0.7.1.jar
7f46b3ca8000-7f46b3ca9000 r--s 00002000 08:04 1199995                    /home/florian/.ivy2/cache/org.tachyonproject/tachyon-underfs-hdfs/jars/tachyon-underfs-hdfs-0.7.1.jar
7f46b3ca9000-7f46b3cab000 r--s 00005000 08:04 693547                     /home/florian/.ivy2/cache/org.slf4j/slf4j-api/jars/slf4j-api-1.7.2.jar
7f46b3cab000-7f46b3cb0000 r--s 00046000 08:04 1860098                    /home/florian/.ivy2/cache/org.apache.commons/commons-lang3/jars/commons-lang3-3.0.jar
7f46b3cb0000-7f46b3cb4000 r--s 0002a000 08:04 1473275                    /home/florian/.ivy2/cache/commons-io/commons-io/jars/commons-io-2.4.jar
7f46b3cb4000-7f46b3cd7000 r--s 001bf000 08:04 1068901                    /home/florian/.ivy2/cache/org.tachyonproject/tachyon-client/jars/tachyon-client-0.7.1.jar
7f46b3cd7000-7f46b3cd9000 r--s 0000e000 08:04 1068900                    /home/florian/.ivy2/cache/oro/oro/jars/oro-2.0.8.jar
7f46b3cd9000-7f46b3cef000 r--s 00124000 08:04 806161                     /home/florian/.ivy2/cache/org.apache.ivy/ivy/jars/ivy-2.4.0.jar
7f46b3cef000-7f46b3cf2000 r--s 00007000 08:04 693546                     /home/florian/.ivy2/cache/com.fasterxml.jackson.core/jackson-annotations/bundles/jackson-annotations-2.4.4.jar
7f46b3cf2000-7f46b3d02000 r--s 00077000 08:04 806160                     /home/florian/.ivy2/cache/com.fasterxml.jackson.module/jackson-module-scala_2.10/bundles/jackson-module-scala_2.10-2.4.4.jar
7f46b3d02000-7f46b3d04000 r--s 00004000 08:04 693538                     /home/florian/.ivy2/cache/io.dropwizard.metrics/metrics-graphite/bundles/metrics-graphite-3.1.2.jar
7f46b3d04000-7f46b3d05000 r--s 00003000 08:04 693537                     /home/florian/.ivy2/cache/io.dropwizard.metrics/metrics-json/bundles/metrics-json-3.1.2.jar
7f46b3d05000-7f46b3d07000 r--s 00008000 08:04 429854                     /home/florian/.ivy2/cache/io.dropwizard.metrics/metrics-jvm/bundles/metrics-jvm-3.1.2.jar
7f46b3d07000-7f46b3d0b000 r--s 00018000 08:04 429853                     /home/florian/.ivy2/cache/io.dropwizard.metrics/metrics-core/bundles/metrics-core-3.1.2.jar
7f46b3d0b000-7f46b3d0e000 r--s 00028000 08:04 1860083                    /home/florian/.ivy2/cache/com.clearspring.analytics/stream/jars/stream-2.7.0.jar
7f46b3d0e000-7f46b3d1c000 r--s 0012a000 08:04 1473237                    /home/florian/.ivy2/cache/org.apache.mesos/mesos/jars/mesos-0.21.1-shaded-protobuf.jar
7f46b3d1c000-7f46b3d26000 r--s 00066000 08:04 1860082                    /home/florian/.ivy2/cache/com.sun.jersey/jersey-core/bundles/jersey-core-1.9.jar
7f46b3d26000-7f46b3d2a000 r--s 00034000 08:04 806163                     /home/florian/.ivy2/cache/com.fasterxml.jackson.core/jackson-core/bundles/jackson-core-2.4.4.jar
7f46b3d2a000-7f46b3d3b000 r--s 000f6000 08:04 429855                     /home/florian/.ivy2/cache/com.fasterxml.jackson.core/jackson-databind/bundles/jackson-databind-2.4.4.jar
7f46b3d3b000-7f46b3e2e000 r--s 00c8c000 08:04 693545                     /home/florian/.ivy2/cache/org.scala-lang/scala-compiler/jars/scala-compiler-2.10.0.jar
7f46b3e2e000-7f46b3e41000 r--s 000be000 08:04 1068909                    /home/florian/.ivy2/cache/org.scala-lang/scalap/jars/scalap-2.10.0.jar
7f46b3e41000-7f46b3e43000 r--s 00007000 08:04 1199994                    /home/florian/.ivy2/cache/com.thoughtworks.paranamer/paranamer/jars/paranamer-2.6.jar
7f46b3e43000-7f46b3e45000 r--s 00013000 08:04 1473273                    /home/florian/.ivy2/cache/org.json4s/json4s-ast_2.10/jars/json4s-ast_2.10-3.2.10.jar
7f46b3e45000-7f46b3e4f000 r--s 00085000 08:04 1199993                    /home/florian/.ivy2/cache/org.json4s/json4s-core_2.10/jars/json4s-core_2.10-3.2.10.jar
7f46b3e4f000-7f46b3e50000 r--s 00009000 08:04 1199978                    /home/florian/.ivy2/cache/org.json4s/json4s-jackson_2.10/jars/json4s-jackson_2.10-3.2.10.jar
7f46b3e50000-7f46b3e51000 r--s 00003000 08:04 1199977                    /home/florian/.ivy2/cache/com.typesafe.akka/akka-slf4j_2.10/jars/akka-slf4j_2.10-2.3.11.jar
7f46b3e51000-7f46b3e53000 r--s 0000a000 08:04 1199992                    /home/florian/.ivy2/cache/org.uncommons.maths/uncommons-maths/jars/uncommons-maths-1.2.2a.jar
7f46b3e53000-7f46b3e6b000 r--s 00115000 08:04 693543                     /home/florian/.ivy2/cache/io.netty/netty/bundles/netty-3.8.0.Final.jar
7f46b3e6b000-7f46b3e6f000 r--s 00032000 08:04 693544                     /home/florian/.ivy2/cache/com.typesafe/config/bundles/config-1.2.1.jar
7f46b3e6f000-7f46b3e95000 r--s 00263000 08:04 1199991                    /home/florian/.ivy2/cache/com.typesafe.akka/akka-actor_2.10/jars/akka-actor_2.10-2.3.11.jar
7f46b3e95000-7f46b3eab000 r--s 00135000 08:04 1199976                    /home/florian/.ivy2/cache/com.typesafe.akka/akka-remote_2.10/jars/akka-remote_2.10-2.3.11.jar
7f46b3eab000-7f46b3eaf000 r--s 00030000 08:04 1068899                    /home/florian/.ivy2/cache/commons-net/commons-net/jars/commons-net-2.2.jar
7f46b3eaf000-7f46b3eb1000 r--s 00019000 08:04 1068898                    /home/florian/.ivy2/cache/org.roaringbitmap/RoaringBitmap/bundles/RoaringBitmap-0.4.5.jar
7f46b3eb1000-7f46b3eb3000 r--s 00038000 08:04 806159                     /home/florian/.ivy2/cache/net.jpountz.lz4/lz4/jars/lz4-1.3.0.jar
7f46b3eb3000-7f46b3eb6000 r--s 0008f000 08:04 1199975                    /home/florian/.ivy2/cache/org.xerial.snappy/snappy-java/bundles/snappy-java-1.1.1.7.jar
7f46b3eb6000-7f46b3eb8000 r--s 00012000 08:04 806158                     /home/florian/.ivy2/cache/com.ning/compress-lzf/bundles/compress-lzf-1.0.3.jar
7f46b3eb8000-7f46b3eba000 r--s 00001000 08:04 693536                     /home/florian/.ivy2/cache/org.slf4j/slf4j-log4j12/jars/slf4j-log4j12-1.7.10.jar
7f46b3eba000-7f46b3ebc000 r--s 00003000 08:04 806157                     /home/florian/.ivy2/cache/org.slf4j/jcl-over-slf4j/jars/jcl-over-slf4j-1.7.10.jar
7f46b3ebc000-7f46b3ebe000 r--s 00000000 08:04 1473233                    /home/florian/.ivy2/cache/org.slf4j/jul-to-slf4j/jars/jul-to-slf4j-1.7.10.jar
7f46b3ebe000-7f46b3ee2000 r--s 001cd000 08:04 806156                     /home/florian/.ivy2/cache/org.apache.commons/commons-math3/jars/commons-math3-3.4.1.jar
7f46b3ee2000-7f46b3ee5000 r--s 0002e000 08:04 806155                     /home/florian/.ivy2/cache/org.eclipse.jetty.orbit/javax.servlet/orbits/javax.servlet-3.0.0.v201112011016.jar
7f46b3ee5000-7f46b3f0e000 r--s 001ee000 08:04 1199990                    /home/florian/.ivy2/cache/com.google.guava/guava/bundles/guava-14.0.1.jar
7f46b3f0e000-7f46b3f10000 r--s 00014000 08:04 693542                     /home/florian/.ivy2/cache/jline/jline/jars/jline-0.9.94.jar
7f46b3f10000-7f46b3f1c000 r--s 000b3000 08:04 806162                     /home/florian/.ivy2/cache/org.apache.zookeeper/zookeeper/jars/zookeeper-3.4.5.jar
7f46b3f1c000-7f46b3f1f000 r--s 0000e000 08:04 693541                     /home/florian/.ivy2/cache/org.apache.curator/curator-client/bundles/curator-client-2.4.0.jar
7f46b3f1f000-7f46b3f24000 r--s 00027000 08:04 693540                     /home/florian/.ivy2/cache/org.apache.curator/curator-framework/bundles/curator-framework-2.4.0.jar
7f46b3f24000-7f46b3f2a000 r--s 00035000 08:04 693534                     /home/florian/.ivy2/cache/org.apache.curator/curator-recipes/bundles/curator-recipes-2.4.0.jar
7f46b3f2a000-7f46b3f30000 r--s 00057000 08:04 693533                     /home/florian/.ivy2/cache/net.java.dev.jets3t/jets3t/jars/jets3t-0.7.1.jar
7f46b3f30000-7f46b3f32000 r--s 00009000 08:04 1068897                    /home/florian/.ivy2/cache/org.apache.spark/spark-unsafe_2.10/jars/spark-unsafe_2.10-1.5.1.jar
7f46b3f32000-7f46b3f35000 r--s 0000a000 08:04 1068896                    /home/florian/.ivy2/cache/org.apache.spark/spark-network-shuffle_2.10/jars/spark-network-shuffle_2.10-1.5.1.jar
7f46b3f35000-7f46b3f57000 r--s 001d4000 08:04 429852                     /home/florian/.ivy2/cache/io.netty/netty-all/jars/netty-all-4.0.29.Final.jar
7f46b3f57000-7f46b3f84000 r--s 0020c000 08:04 1068895                    /home/florian/.ivy2/cache/org.apache.spark/spark-network-common_2.10/jars/spark-network-common_2.10-1.5.1.jar
7f46b3f84000-7f46b3f85000 r--s 00000000 08:04 429856                     /home/florian/.ivy2/cache/org.spark-project.spark/unused/jars/unused-1.0.0.jar
7f46b3f85000-7f46b3f87000 r--s 00009000 08:04 1068894                    /home/florian/.ivy2/cache/org.apache.spark/spark-launcher_2.10/jars/spark-launcher_2.10-1.5.1.jar
7f46b3f87000-7f46b3f88000 r--s 00008000 08:04 429857                     /home/florian/.ivy2/cache/org.apache.hadoop/hadoop-mapreduce-client-jobclient/jars/hadoop-mapreduce-client-jobclient-2.2.0.jar
7f46b3f88000-7f46b3f8a000 r--s 00004000 08:04 429858                     /home/florian/.ivy2/cache/org.apache.hadoop/hadoop-mapreduce-client-shuffle/jars/hadoop-mapreduce-client-shuffle-2.2.0.jar
7f46b3f8a000-7f46b3f8e000 r--s 00027000 08:04 1860086                    /home/florian/.ivy2/cache/org.apache.hadoop/hadoop-yarn-server-common/jars/hadoop-yarn-server-common-2.2.0.jar
7f46b3f8e000-7f46b3fa6000 r--s 0014c000 08:04 1473243                    /home/florian/.ivy2/cache/org.apache.hadoop/hadoop-mapreduce-client-core/jars/hadoop-mapreduce-client-core-2.2.0.jar
7f46b3fa6000-7f46b3fa9000 r--s 00015000 08:04 1473269                    /home/florian/.ivy2/cache/org.apache.hadoop/hadoop-yarn-client/jars/hadoop-yarn-client-2.2.0.jar
7f46b3fa9000-7f46b3faa000 r--s 00003000 08:04 429859                     /home/florian/.ivy2/cache/com.sun.jersey.contribs/jersey-guice/jars/jersey-guice-1.9.jar
7f46b3faa000-7f46b3fab000 r--s 00007000 08:04 1068908                    /home/florian/.ivy2/cache/org.codehaus.jackson/jackson-xc/jars/jackson-xc-1.8.8.jar
7f46b3fab000-7f46b3fac000 r--s 00004000 08:04 1068907                    /home/florian/.ivy2/cache/org.codehaus.jackson/jackson-jaxrs/jars/jackson-jaxrs-1.8.8.jar
7f46b3fac000-7f46b3fae000 r--s 0000e000 08:04 1860097                    /home/florian/.ivy2/cache/javax.activation/activation/jars/activation-1.1.jar
7f46b3fae000-7f46b3fb1000 r--s 00017000 08:04 1860096                    /home/florian/.ivy2/cache/javax.xml.bind/jaxb-api/jars/jaxb-api-2.2.2.jar
7f46b3fb1000-7f46b3fc4000 r--s 000c7000 08:04 1860094                    /home/florian/.ivy2/cache/com.sun.xml.bind/jaxb-impl/jars/jaxb-impl-2.2.3-1.jar
7f46b3fc4000-7f46b3fc6000 r--s 00005000 08:04 1860095                    /home/florian/.ivy2/cache/stax/stax-api/jars/stax-api-1.0.1.jar
7f46b3fc6000-7f46b3fc8000 r--s 0000f000 08:04 1860093                    /home/florian/.ivy2/cache/org.codehaus.jettison/jettison/bundles/jettison-1.1.jar
7f46b3fc8000-7f46b3fcc000 r--s 00021000 08:04 1860088                    /home/florian/.ivy2/cache/com.sun.jersey/jersey-json/bundles/jersey-json-1.9.jar
7f46b3fcc000-7f46b3fde000 r--s 0009d000 08:04 1860081                    /home/florian/.ivy2/cache/com.sun.jersey/jersey-server/bundles/jersey-server-1.9.jar
7f46b3fde000-7f46b3fe0000 r--s 00002000 08:04 1860087                    /home/florian/.ivy2/cache/com.sun.jersey.jersey-test-framework/jersey-test-framework-grizzly2/jars/jersey-test-framework-grizzly2-1.9.jar
7f46b3fe0000-7f46b3fef000 r--s 0009f000 08:04 1473271                    /home/florian/.ivy2/cache/com.google.inject/guice/jars/guice-3.0.jar
7f46b3fef000-7f46b4000000 r--s 0010a000 08:04 1473241                    /home/florian/.ivy2/cache/org.apache.hadoop/hadoop-yarn-api/jars/hadoop-yarn-api-2.2.0.jar
7f46b4000000-7f46b411f000 rw-p 00000000 00:00 0 
7f46b411f000-7f46b8000000 ---p 00000000 00:00 0 
7f46b8000000-7f46b90d2000 rw-p 00000000 00:00 0 
7f46b90d2000-7f46bc000000 ---p 00000000 00:00 0 
7f46bc000000-7f46bc021000 rw-p 00000000 00:00 0 
7f46bc021000-7f46c0000000 ---p 00000000 00:00 0 
7f46c0000000-7f46c004a000 rw-p 00000000 00:00 0 
7f46c004a000-7f46c4000000 ---p 00000000 00:00 0 
7f46c4000000-7f46c4055000 rw-p 00000000 00:00 0 
7f46c4055000-7f46c8000000 ---p 00000000 00:00 0 
7f46c8000000-7f46c80a6000 rw-p 00000000 00:00 0 
7f46c80a6000-7f46cc000000 ---p 00000000 00:00 0 
7f46cc000000-7f46cc021000 rw-p 00000000 00:00 0 
7f46cc021000-7f46d0000000 ---p 00000000 00:00 0 
7f46d0000000-7f46d0021000 rw-p 00000000 00:00 0 
7f46d0021000-7f46d4000000 ---p 00000000 00:00 0 
7f46d4000000-7f46d4001000 r--s 0000a000 08:04 1860092                    /home/florian/.ivy2/cache/asm/asm/jars/asm-3.2.jar
7f46d4001000-7f46d4008000 r--s 0003e000 08:04 1860091                    /home/florian/.ivy2/cache/org.sonatype.sisu.inject/cglib/jars/cglib-2.2.1-v20090111.jar
7f46d4008000-7f46d400a000 r--s 00000000 08:04 1860090                    /home/florian/.ivy2/cache/aopalliance/aopalliance/jars/aopalliance-1.0.jar
7f46d400a000-7f46d400b000 r--s 00000000 08:04 1860089                    /home/florian/.ivy2/cache/javax.inject/javax.inject/jars/javax.inject-1.jar
7f46d400b000-7f46d401d000 r--s 0012c000 08:04 1473267                    /home/florian/.ivy2/cache/org.apache.hadoop/hadoop-yarn-common/jars/hadoop-yarn-common-2.2.0.jar
7f46d401d000-7f46d4029000 r--s 00095000 08:04 1473265                    /home/florian/.ivy2/cache/org.apache.hadoop/hadoop-mapreduce-client-common/jars/hadoop-mapreduce-client-common-2.2.0.jar
7f46d4029000-7f46d4032000 r--s 0006d000 08:04 1473239                    /home/florian/.ivy2/cache/org.apache.hadoop/hadoop-mapreduce-client-app/jars/hadoop-mapreduce-client-app-2.2.0.jar
7f46d4032000-7f46d4036000 r--s 00028000 08:04 1473263                    /home/florian/.ivy2/cache/org.mortbay.jetty/jetty-util/jars/jetty-util-6.1.26.jar
7f46d4036000-7f46d407b000 r--s 004bb000 08:04 1199986                    /home/florian/.ivy2/cache/org.apache.hadoop/hadoop-hdfs/jars/hadoop-hdfs-2.2.0.jar
7f46d407b000-7f46d407d000 r--s 0000b000 08:04 1199989                    /home/florian/.ivy2/cache/org.apache.hadoop/hadoop-auth/jars/hadoop-auth-2.2.0.jar
7f46d407d000-7f46d4085000 r--s 0007b000 08:04 693539                     /home/florian/.ivy2/cache/com.google.protobuf/protobuf-java/bundles/protobuf-java-2.5.0.jar
7f46d4085000-7f46d4089000 r--s 0002f000 08:04 1473259                    /home/florian/.ivy2/cache/commons-beanutils/commons-beanutils-core/jars/commons-beanutils-core-1.8.0.jar
7f46d4089000-7f46d408e000 r--s 0002a000 08:04 1473261                    /home/florian/.ivy2/cache/commons-beanutils/commons-beanutils/jars/commons-beanutils-1.7.0.jar
7f46d408e000-7f46d4092000 r--s 00020000 08:04 1473257                    /home/florian/.ivy2/cache/commons-digester/commons-digester/jars/commons-digester-1.8.jar
7f46d4092000-7f46d40a0000 r--s 0007f000 08:04 1473255                    /home/florian/.ivy2/cache/commons-collections/commons-collections/jars/commons-collections-3.2.1.jar
7f46d40a0000-7f46d40a6000 r--s 00043000 08:04 1473253                    /home/florian/.ivy2/cache/commons-configuration/commons-configuration/jars/commons-configuration-1.6.jar
7f46d40a6000-7f46d40ab000 r--s 00040000 08:04 1473251                    /home/florian/.ivy2/cache/commons-lang/commons-lang/jars/commons-lang-2.5.jar
7f46d40ab000-7f46d40b4000 r--s 0006f000 08:04 1473235                    /home/florian/.ivy2/cache/log4j/log4j/bundles/log4j-1.2.17.jar
7f46d40b4000-7f46d40ba000 r--s 00045000 08:04 1473249                    /home/florian/.ivy2/cache/commons-httpclient/commons-httpclient/jars/commons-httpclient-3.1.jar
7f46d40ba000-7f46d40bb000 r--s 00003000 08:04 1473247                    /home/florian/.ivy2/cache/xmlenc/xmlenc/jars/xmlenc-0.52.jar
7f46d40bb000-7f46d40cc000 r--s 000bb000 08:04 1473245                    /home/florian/.ivy2/cache/org.apache.commons/commons-math/jars/commons-math-2.1.jar
7f46d40cc000-7f46d40ce000 r--s 00009000 08:04 1199988                    /home/florian/.ivy2/cache/commons-cli/commons-cli/jars/commons-cli-1.2.jar
7f46d40ce000-7f46d40d1000 r--s 00006000 08:04 1473231                    /home/florian/.ivy2/cache/com.google.code.findbugs/jsr305/jars/jsr305-1.3.9.jar
7f46d40d1000-7f46d40d3000 r--s 00003000 08:04 1199987                    /home/florian/.ivy2/cache/org.apache.hadoop/hadoop-annotations/jars/hadoop-annotations-2.2.0.jar
7f46d40d3000-7f46d40fe000 r--s 00271000 08:04 1199985                    /home/florian/.ivy2/cache/org.apache.hadoop/hadoop-common/jars/hadoop-common-2.2.0.jar
7f46d40fe000-7f46d40ff000 r--s 00000000 08:04 1199974                    /home/florian/.ivy2/cache/org.apache.hadoop/hadoop-client/jars/hadoop-client-2.2.0.jar
7f46d40ff000-7f46d4101000 r--s 00007000 08:04 1199984                    /home/florian/.ivy2/cache/org.objenesis/objenesis/jars/objenesis-1.2.jar
7f46d4101000-7f46d4103000 r--s 00000000 08:04 1199983                    /home/florian/.ivy2/cache/com.esotericsoftware.minlog/minlog/jars/minlog-1.2.jar
7f46d4103000-7f46d4105000 r--s 0000f000 08:04 1199982                    /home/florian/.ivy2/cache/com.esotericsoftware.reflectasm/reflectasm/jars/reflectasm-1.07-shaded.jar
7f46d4105000-7f46d410b000 r--s 00053000 08:04 1199981                    /home/florian/.ivy2/cache/com.esotericsoftware.kryo/kryo/bundles/kryo-2.21.jar
7f46d410b000-7f46d410d000 r--s 0000a000 08:04 1199973                    /home/florian/.ivy2/cache/com.twitter/chill-java/jars/chill-java-0.5.0.jar
7f46d410d000-7f46d4111000 r--s 00032000 08:04 1199972                    /home/florian/.ivy2/cache/com.twitter/chill_2.10/jars/chill_2.10-0.5.0.jar
7f46d4111000-7f46d4115000 r--s 00014000 08:04 1199980                    /home/florian/.ivy2/cache/org.tukaani/xz/jars/xz-1.0.jar
7f46d4115000-7f46d411a000 r--s 00036000 08:04 1199979                    /home/florian/.ivy2/cache/org.apache.commons/commons-compress/jars/commons-compress-1.4.1.jar
7f46d411a000-7f46d4128000 r--s 000b1000 08:04 1068905                    /home/florian/.ivy2/cache/org.codehaus.jackson/jackson-mapper-asl/jars/jackson-mapper-asl-1.9.13.jar
7f46d4128000-7f46d412c000 r--s 00035000 08:04 1068904                    /home/florian/.ivy2/cache/org.codehaus.jackson/jackson-core-asl/jars/jackson-core-asl-1.9.13.jar
7f46d412c000-7f46d4135000 r--s 00062000 08:04 1068906                    /home/florian/.ivy2/cache/org.apache.avro/avro/bundles/avro-1.7.7.jar
7f46d4135000-7f46d4139000 r--s 0002c000 08:04 1068903                    /home/florian/.ivy2/cache/org.apache.avro/avro-ipc/jars/avro-ipc-1.7.7.jar
7f46d4139000-7f46d4140000 r--s 0004e000 08:04 1068902                    /home/florian/.ivy2/cache/org.apache.avro/avro-ipc/jars/avro-ipc-1.7.7-tests.jar
7f46d4140000-7f46d4145000 r--s 00028000 08:04 1068893                    /home/florian/.ivy2/cache/org.apache.avro/avro-mapred/jars/avro-mapred-1.7.7-hadoop2.jar
7f46d4145000-7f46d4216000 r--s 009ca000 08:04 1068891                    /home/florian/.ivy2/cache/org.apache.spark/spark-core_2.10/jars/spark-core_2.10-1.5.1.jar
7f46d42c4000-7f46d42d7000 r--s 00345000 08:04 1316829                    /usr/lib/jvm/java-8-oracle/jre/lib/resources.jar
7f46d42d7000-7f46d42f3000 r--s 00393000 08:04 1316870                    /usr/lib/jvm/java-8-oracle/jre/lib/ext/cldrdata.jar
7f46d42f3000-7f46d42f7000 r--s 0003a000 08:04 1316875                    /usr/lib/jvm/java-8-oracle/jre/lib/ext/sunpkcs11.jar
7f46d4301000-7f46d4501000 rw-p 00000000 00:00 0 
7f46d4501000-7f46d4701000 rw-p 00000000 00:00 0 
7f46d4701000-7f46d4901000 rw-p 00000000 00:00 0 
7f46d4901000-7f46d4b01000 rw-p 00000000 00:00 0 
7f46d4b01000-7f46d4d01000 rw-p 00000000 00:00 0 
7f46d4d01000-7f46d4dff000 r--s 00cd0000 08:04 693550                     /home/florian/.ivy2/cache/org.scala-lang/scala-compiler/jars/scala-compiler-2.10.5.jar
7f46d4dff000-7f46d4fff000 rw-p 00000000 00:00 0 
7f46d4fff000-7f46d8000000 rw-p 00000000 00:00 0 
7f46d8000000-7f46d9792000 rw-p 00000000 00:00 0 
7f46d9792000-7f46dc000000 ---p 00000000 00:00 0 
7f46dc000000-7f46dc021000 rw-p 00000000 00:00 0 
7f46dc021000-7f46e0000000 ---p 00000000 00:00 0 
7f46e0000000-7f46e26e4000 rw-p 00000000 00:00 0 
7f46e26e4000-7f46e4000000 ---p 00000000 00:00 0 
7f46e4000000-7f46e6286000 rw-p 00000000 00:00 0 
7f46e6286000-7f46e8000000 ---p 00000000 00:00 0 
7f46e8000000-7f46e8021000 rw-p 00000000 00:00 0 
7f46e8021000-7f46ec000000 ---p 00000000 00:00 0 
7f46ec000000-7f46ec021000 rw-p 00000000 00:00 0 
7f46ec021000-7f46f0000000 ---p 00000000 00:00 0 
7f46f0000000-7f46f043b000 rw-p 00000000 00:00 0 
7f46f043b000-7f46f4000000 ---p 00000000 00:00 0 
7f46f4000000-7f46f4021000 rw-p 00000000 00:00 0 
7f46f4021000-7f46f8000000 ---p 00000000 00:00 0 
7f46f8000000-7f4700000000 rw-p 00000000 00:00 0 
7f4700000000-7f4700516000 rw-p 00000000 00:00 0 
7f4700516000-7f4704000000 ---p 00000000 00:00 0 
7f4704000000-7f47044bd000 rw-p 00000000 00:00 0 
7f47044bd000-7f4708000000 ---p 00000000 00:00 0 
7f4708000000-7f470847e000 rw-p 00000000 00:00 0 
7f470847e000-7f470c000000 ---p 00000000 00:00 0 
7f470c001000-7f470c003000 r--s 00009000 08:04 1316868                    /usr/lib/jvm/java-8-oracle/jre/lib/ext/sunec.jar
7f470c00c000-7f470c016000 r--s 00116000 08:04 1316877                    /usr/lib/jvm/java-8-oracle/jre/lib/ext/localedata.jar
7f470c016000-7f470c01c000 r--s 00036000 08:04 806212                     /home/florian/.sbt/boot/scala-2.10.4/org.scala-sbt/sbt/0.13.6/compiler-interface-bin_2.10.5__52.0/compiler-interface.jar
7f470c01c000-7f470c01f000 ---p 00000000 00:00 0 
7f470c01f000-7f470c11d000 rw-p 00000000 00:00 0 
7f470c11d000-7f470c1f2000 r--s 00987000 08:04 1068774                    /home/florian/.ivy2/cache/org.scalaz/scalaz-core_2.10/bundles/scalaz-core_2.10-7.2.14.jar
7f470c1f2000-7f470c3f2000 rw-p 00000000 00:00 0 
7f470c3f2000-7f470c3f5000 ---p 00000000 00:00 0 
7f470c3f5000-7f470c4f3000 rw-p 00000000 00:00 0 
7f470c4f3000-7f470c4f6000 ---p 00000000 00:00 0 
7f470c4f6000-7f470c5f4000 rw-p 00000000 00:00 0 
7f470c5f4000-7f470c5f7000 ---p 00000000 00:00 0 
7f470c5f7000-7f470c6f5000 rw-p 00000000 00:00 0 
7f470c6f5000-7f470c6f8000 ---p 00000000 00:00 0 
7f470c6f8000-7f470c7f6000 rw-p 00000000 00:00 0 
7f470c7f6000-7f470c7f9000 ---p 00000000 00:00 0 
7f470c7f9000-7f470c8f7000 rw-p 00000000 00:00 0 
7f470c8f7000-7f470c8fa000 ---p 00000000 00:00 0 
7f470c8fa000-7f470cbf8000 rw-p 00000000 00:00 0 
7f470cbf8000-7f470cdf8000 rw-p 00000000 00:00 0 
7f470cdfc000-7f470cdff000 r--s 00018000 08:04 1068747                    /home/florian/.ivy2/cache/org.fusesource.jansi/jansi/jars/jansi-1.4.jar
7f470cdff000-7f470ce03000 r--s 00025000 08:04 1068911                    /home/florian/.ivy2/cache/org.scala-lang/jline/jars/jline-2.10.5.jar
7f470ce03000-7f470ce38000 r--s 002da000 08:04 693551                     /home/florian/.ivy2/cache/org.scala-lang/scala-reflect/jars/scala-reflect-2.10.5.jar
7f470ce38000-7f470ceaa000 r--s 0065b000 08:04 693532                     /home/florian/.ivy2/cache/org.scala-lang/scala-library/jars/scala-library-2.10.5.jar
7f470ceaa000-7f470ceb4000 r--s 00059000 08:04 1068776                    /home/florian/.ivy2/cache/org.scalaz/scalaz-effect_2.10/bundles/scalaz-effect_2.10-7.2.14.jar
7f470ceb4000-7f470cebc000 r--s 0004d000 08:04 1068772                    /home/florian/.ivy2/cache/scala_2.10/sbt_0.13/com.typesafe.sbteclipse/sbteclipse-plugin/jars/sbteclipse-plugin-5.2.2.jar
7f470cebc000-7f470d0bc000 rw-p 00000000 00:00 0 
7f470d0bc000-7f470d2bc000 rw-p 00000000 00:00 0 
7f470d2bc000-7f470d4bc000 rw-p 00000000 00:00 0 
7f470d4bc000-7f470d6bc000 rw-p 00000000 00:00 0 
7f470d6bc000-7f470d8bc000 rw-p 00000000 00:00 0 
7f470d8bc000-7f470d8c1000 r--s 0009d000 08:04 1316830                    /usr/lib/jvm/java-8-oracle/jre/lib/jsse.jar
7f470d8c1000-7f470d8c4000 ---p 00000000 00:00 0 
7f470d8c4000-7f470d8fa000 rw-p 00000000 00:00 0 
7f470d8fa000-7f470d8fc000 r--s 0000b000 08:04 806062                     /home/florian/.sbt/boot/scala-2.10.4/org.scala-sbt/sbt/0.13.6/xsbti/interface-0.13.6.jar
7f470d8fc000-7f470d904000 r--s 0005f000 08:04 806084                     /home/florian/.sbt/boot/scala-2.10.4/org.scala-sbt/sbt/0.13.6/incremental-compiler-0.13.6.jar
7f470d904000-7f470db04000 rw-p 00000000 00:00 0 
7f470db04000-7f470db0f000 r--s 00091000 08:04 806074                     /home/florian/.sbt/boot/scala-2.10.4/org.scala-sbt/sbt/0.13.6/main-settings-0.13.6.jar
7f470db0f000-7f470db15000 r--s 0003d000 08:04 806092                     /home/florian/.sbt/boot/scala-2.10.4/org.scala-sbt/sbt/0.13.6/io-0.13.6.jar
7f470db15000-7f470db18000 r--s 0001e000 08:04 806103                     /home/florian/.sbt/boot/scala-2.10.4/org.scala-sbt/sbt/0.13.6/run-0.13.6.jar
7f470db18000-7f470db1b000 r--s 00012000 08:04 806081                     /home/florian/.sbt/boot/scala-2.10.4/org.scala-sbt/sbt/0.13.6/classfile-0.13.6.jar
7f470db1b000-7f470db1e000 r--s 00019000 08:04 806076                     /home/florian/.sbt/boot/scala-2.10.4/org.scala-sbt/sbt/0.13.6/compile-0.13.6.jar
7f470db1e000-7f470db20000 r--s 00001000 08:04 806089                     /home/florian/.sbt/boot/scala-2.10.4/org.scala-sbt/sbt/0.13.6/launcher-interface-0.13.6.jar
7f470db20000-7f470db28000 r--s 00057000 08:04 806070                     /home/florian/.sbt/boot/scala-2.10.4/org.scala-sbt/sbt/0.13.6/completion-0.13.6.jar
7f470db28000-7f470db2c000 r--s 00022000 08:04 806085                     /home/florian/.sbt/boot/scala-2.10.4/org.scala-sbt/sbt/0.13.6/sbinary_2.10-0.4.2.jar
7f470db2c000-7f470db2f000 r--s 0000e000 08:04 806093                     /home/florian/.sbt/boot/scala-2.10.4/org.scala-sbt/sbt/0.13.6/compiler-integration-0.13.6.jar
7f470db2f000-7f470db34000 r--s 00024000 08:04 806087                     /home/florian/.sbt/boot/scala-2.10.4/org.scala-sbt/sbt/0.13.6/persist-0.13.6.jar
7f470db34000-7f470db49000 r--s 00101000 08:04 806102                     /home/florian/.sbt/boot/scala-2.10.4/org.scala-sbt/sbt/0.13.6/ivy-2.3.0-sbt-14d4d23e25f354cd296c73bfff405544434d5f80.jar
7f470db49000-7f470db4b000 r--s 00002000 08:04 806104                     /home/florian/.sbt/boot/scala-2.10.4/org.scala-sbt/sbt/0.13.6/control-0.13.6.jar
7f470db4b000-7f470db59000 r--s 000cd000 08:04 806101                     /home/florian/.sbt/boot/scala-2.10.4/org.scala-sbt/sbt/0.13.6/ivy-0.13.6.jar
7f470db59000-7f470db60000 r--s 00049000 08:04 806090                     /home/florian/.sbt/boot/scala-2.10.4/org.scala-sbt/sbt/0.13.6/api-0.13.6.jar
7f470db60000-7f470db68000 r--s 00060000 08:04 806082                     /home/florian/.sbt/boot/scala-2.10.4/org.scala-sbt/sbt/0.13.6/collections-0.13.6.jar
7f470db68000-7f470db91000 r--s 0021d000 08:04 806083                     /home/florian/.sbt/boot/scala-2.10.4/org.scala-sbt/sbt/0.13.6/main-0.13.6.jar
7f470db91000-7f470db94000 r--s 00018000 08:04 806078                     /home/florian/.sbt/boot/scala-2.10.4/org.scala-sbt/sbt/0.13.6/logging-0.13.6.jar
7f470db94000-7f470db96000 r--s 00017000 08:04 806097                     /home/florian/.sbt/boot/scala-2.10.4/org.scala-sbt/sbt/0.13.6/testing-0.13.6.jar
7f470db96000-7f470db9e000 r--s 00069000 08:04 806065                     /home/florian/.sbt/boot/scala-2.10.4/org.scala-sbt/sbt/0.13.6/actions-0.13.6.jar
7f470db9e000-7f470dc9b000 r--s 00cca000 08:04 1068752                    /home/florian/.sbt/boot/scala-2.10.4/lib/scala-compiler.jar
7f470dc9b000-7f470dcac000 r-xp 00000000 08:04 1317083                    /usr/lib/jvm/java-8-oracle/jre/lib/amd64/libnio.so
7f470dcac000-7f470deab000 ---p 00011000 08:04 1317083                    /usr/lib/jvm/java-8-oracle/jre/lib/amd64/libnio.so
7f470deab000-7f470deac000 rw-p 00010000 08:04 1317083                    /usr/lib/jvm/java-8-oracle/jre/lib/amd64/libnio.so
7f470deac000-7f470dec2000 r-xp 00000000 08:04 1317080                    /usr/lib/jvm/java-8-oracle/jre/lib/amd64/libnet.so
7f470dec2000-7f470e0c2000 ---p 00016000 08:04 1317080                    /usr/lib/jvm/java-8-oracle/jre/lib/amd64/libnet.so
7f470e0c2000-7f470e0c3000 rw-p 00016000 08:04 1317080                    /usr/lib/jvm/java-8-oracle/jre/lib/amd64/libnet.so
7f470e0c3000-7f470e0c4000 ---p 00000000 00:00 0 
7f470e0c4000-7f470e1c4000 rw-p 00000000 00:00 0 
7f470e1c4000-7f470e1c7000 ---p 00000000 00:00 0 
7f470e1c7000-7f470e2c5000 rw-p 00000000 00:00 0 
7f470e2c5000-7f470e2c8000 ---p 00000000 00:00 0 
7f470e2c8000-7f470e3c6000 rw-p 00000000 00:00 0 
7f470e3c6000-7f470e3c9000 ---p 00000000 00:00 0 
7f470e3c9000-7f470e4c7000 rw-p 00000000 00:00 0 
7f470e4c7000-7f470e4ca000 ---p 00000000 00:00 0 
7f470e4ca000-7f470e5c8000 rw-p 00000000 00:00 0 
7f470e5c8000-7f470e5cb000 ---p 00000000 00:00 0 
7f470e5cb000-7f470e6c9000 rw-p 00000000 00:00 0 
7f470e6c9000-7f470f0f1000 r--p 00000000 08:04 1316169                    /usr/lib/locale/locale-archive
7f470f0f1000-7f470f0f4000 ---p 00000000 00:00 0 
7f470f0f4000-7f470f1f2000 rw-p 00000000 00:00 0 
7f470f1f2000-7f470f1f5000 ---p 00000000 00:00 0 
7f470f1f5000-7f470f2f3000 rw-p 00000000 00:00 0 
7f470f2f3000-7f470f2f4000 ---p 00000000 00:00 0 
7f470f2f4000-7f4710000000 rw-p 00000000 00:00 0 
7f4710000000-7f47104ed000 rw-p 00000000 00:00 0 
7f47104ed000-7f4714000000 ---p 00000000 00:00 0 
7f4714000000-7f4715000000 rw-p 00000000 00:00 0 
7f4715000000-7f4716fe0000 rwxp 00000000 00:00 0 
7f4716fe0000-7f4724000000 ---p 00000000 00:00 0 
7f4724000000-7f47256f9000 rw-p 00000000 00:00 0 
7f47256f9000-7f4728000000 ---p 00000000 00:00 0 
7f4728000000-7f4728002000 r--s 00001000 08:04 806064                     /home/florian/.sbt/boot/scala-2.10.4/org.scala-sbt/sbt/0.13.6/compiler-ivy-integration-0.13.6.jar
7f4728002000-7f4728004000 r--s 00002000 08:04 806088                     /home/florian/.sbt/boot/scala-2.10.4/org.scala-sbt/sbt/0.13.6/test-interface-1.0.jar
7f4728004000-7f4728007000 r--s 00030000 08:04 806099                     /home/florian/.sbt/boot/scala-2.10.4/org.scala-sbt/sbt/0.13.6/jline-2.11.jar
7f4728007000-7f472800a000 r--s 0001d000 08:04 806096                     /home/florian/.sbt/boot/scala-2.10.4/org.scala-sbt/sbt/0.13.6/tasks-0.13.6.jar
7f472800a000-7f4728040000 r--s 002d9000 08:04 806100                     /home/florian/.sbt/boot/scala-2.10.4/org.scala-sbt/sbt/0.13.6/scala-reflect-2.10.4.jar
7f4728040000-7f4728076000 r--s 002d9000 08:04 1068751                    /home/florian/.sbt/boot/scala-2.10.4/lib/scala-reflect.jar
7f4728076000-7f47280e8000 r--s 0065a000 08:04 1068753                    /home/florian/.sbt/boot/scala-2.10.4/lib/scala-library.jar
7f47280e8000-7f472843a000 rw-p 00000000 00:00 0 
7f472843a000-7f4728614000 r--s 03d68000 08:04 1316825                    /usr/lib/jvm/java-8-oracle/jre/lib/rt.jar
7f4728614000-7f472868a000 rw-p 00000000 00:00 0 
7f472868a000-7f472868b000 ---p 00000000 00:00 0 
7f472868b000-7f472878b000 rw-p 00000000 00:00 0 
7f472878b000-7f472878c000 ---p 00000000 00:00 0 
7f472878c000-7f472888c000 rw-p 00000000 00:00 0 
7f472888c000-7f472888d000 ---p 00000000 00:00 0 
7f472888d000-7f472898d000 rw-p 00000000 00:00 0 
7f472898d000-7f472898e000 ---p 00000000 00:00 0 
7f472898e000-7f4728ecd000 rw-p 00000000 00:00 0 
7f4728ecd000-7f4728fe4000 ---p 00000000 00:00 0 
7f4728fe4000-7f4729423000 rw-p 00000000 00:00 0 
7f4729423000-7f4729539000 ---p 00000000 00:00 0 
7f4729539000-7f47297e4000 rw-p 00000000 00:00 0 
7f47297e4000-7f4729865000 rw-p 00000000 00:00 0 
7f4729865000-7f4729ba5000 ---p 00000000 00:00 0 
7f4729ba5000-7f4729bc0000 r-xp 00000000 08:04 1317076                    /usr/lib/jvm/java-8-oracle/jre/lib/amd64/libzip.so
7f4729bc0000-7f4729dc0000 ---p 0001b000 08:04 1317076                    /usr/lib/jvm/java-8-oracle/jre/lib/amd64/libzip.so
7f4729dc0000-7f4729dc1000 rw-p 0001b000 08:04 1317076                    /usr/lib/jvm/java-8-oracle/jre/lib/amd64/libzip.so
7f4729dc1000-7f4729dcc000 r-xp 00000000 08:04 528971                     /lib/x86_64-linux-gnu/libnss_files-2.23.so
7f4729dcc000-7f4729fcb000 ---p 0000b000 08:04 528971                     /lib/x86_64-linux-gnu/libnss_files-2.23.so
7f4729fcb000-7f4729fcc000 r--p 0000a000 08:04 528971                     /lib/x86_64-linux-gnu/libnss_files-2.23.so
7f4729fcc000-7f4729fcd000 rw-p 0000b000 08:04 528971                     /lib/x86_64-linux-gnu/libnss_files-2.23.so
7f4729fcd000-7f4729fd3000 rw-p 00000000 00:00 0 
7f4729fd3000-7f4729fde000 r-xp 00000000 08:04 528981                     /lib/x86_64-linux-gnu/libnss_nis-2.23.so
7f4729fde000-7f472a1dd000 ---p 0000b000 08:04 528981                     /lib/x86_64-linux-gnu/libnss_nis-2.23.so
7f472a1dd000-7f472a1de000 r--p 0000a000 08:04 528981                     /lib/x86_64-linux-gnu/libnss_nis-2.23.so
7f472a1de000-7f472a1df000 rw-p 0000b000 08:04 528981                     /lib/x86_64-linux-gnu/libnss_nis-2.23.so
7f472a1df000-7f472a1f5000 r-xp 00000000 08:04 528965                     /lib/x86_64-linux-gnu/libnsl-2.23.so
7f472a1f5000-7f472a3f4000 ---p 00016000 08:04 528965                     /lib/x86_64-linux-gnu/libnsl-2.23.so
7f472a3f4000-7f472a3f5000 r--p 00015000 08:04 528965                     /lib/x86_64-linux-gnu/libnsl-2.23.so
7f472a3f5000-7f472a3f6000 rw-p 00016000 08:04 528965                     /lib/x86_64-linux-gnu/libnsl-2.23.so
7f472a3f6000-7f472a3f8000 rw-p 00000000 00:00 0 
7f472a3f8000-7f472a400000 r-xp 00000000 08:04 528967                     /lib/x86_64-linux-gnu/libnss_compat-2.23.so
7f472a400000-7f472a5ff000 ---p 00008000 08:04 528967                     /lib/x86_64-linux-gnu/libnss_compat-2.23.so
7f472a5ff000-7f472a600000 r--p 00007000 08:04 528967                     /lib/x86_64-linux-gnu/libnss_compat-2.23.so
7f472a600000-7f472a601000 rw-p 00008000 08:04 528967                     /lib/x86_64-linux-gnu/libnss_compat-2.23.so
7f472a601000-7f472a62c000 r-xp 00000000 08:04 1317070                    /usr/lib/jvm/java-8-oracle/jre/lib/amd64/libjava.so
7f472a62c000-7f472a82b000 ---p 0002b000 08:04 1317070                    /usr/lib/jvm/java-8-oracle/jre/lib/amd64/libjava.so
7f472a82b000-7f472a82d000 rw-p 0002a000 08:04 1317070                    /usr/lib/jvm/java-8-oracle/jre/lib/amd64/libjava.so
7f472a82d000-7f472a83a000 r-xp 00000000 08:04 1317075                    /usr/lib/jvm/java-8-oracle/jre/lib/amd64/libverify.so
7f472a83a000-7f472aa3a000 ---p 0000d000 08:04 1317075                    /usr/lib/jvm/java-8-oracle/jre/lib/amd64/libverify.so
7f472aa3a000-7f472aa3c000 rw-p 0000d000 08:04 1317075                    /usr/lib/jvm/java-8-oracle/jre/lib/amd64/libverify.so
7f472aa3c000-7f472aa43000 r-xp 00000000 08:04 529026                     /lib/x86_64-linux-gnu/librt-2.23.so
7f472aa43000-7f472ac42000 ---p 00007000 08:04 529026                     /lib/x86_64-linux-gnu/librt-2.23.so
7f472ac42000-7f472ac43000 r--p 00006000 08:04 529026                     /lib/x86_64-linux-gnu/librt-2.23.so
7f472ac43000-7f472ac44000 rw-p 00007000 08:04 529026                     /lib/x86_64-linux-gnu/librt-2.23.so
7f472ac44000-7f472ad4c000 r-xp 00000000 08:04 528942                     /lib/x86_64-linux-gnu/libm-2.23.so
7f472ad4c000-7f472af4b000 ---p 00108000 08:04 528942                     /lib/x86_64-linux-gnu/libm-2.23.so
7f472af4b000-7f472af4c000 r--p 00107000 08:04 528942                     /lib/x86_64-linux-gnu/libm-2.23.so
7f472af4c000-7f472af4d000 rw-p 00108000 08:04 528942                     /lib/x86_64-linux-gnu/libm-2.23.so
7f472af4d000-7f472bc26000 r-xp 00000000 08:04 1317095                    /usr/lib/jvm/java-8-oracle/jre/lib/amd64/server/libjvm.so
7f472bc26000-7f472be25000 ---p 00cd9000 08:04 1317095                    /usr/lib/jvm/java-8-oracle/jre/lib/amd64/server/libjvm.so
7f472be25000-7f472beff000 rw-p 00cd8000 08:04 1317095                    /usr/lib/jvm/java-8-oracle/jre/lib/amd64/server/libjvm.so
7f472beff000-7f472bf4a000 rw-p 00000000 00:00 0 
7f472bf4a000-7f472c10a000 r-xp 00000000 08:04 528872                     /lib/x86_64-linux-gnu/libc-2.23.so
7f472c10a000-7f472c30a000 ---p 001c0000 08:04 528872                     /lib/x86_64-linux-gnu/libc-2.23.so
7f472c30a000-7f472c30e000 r--p 001c0000 08:04 528872                     /lib/x86_64-linux-gnu/libc-2.23.so
7f472c30e000-7f472c310000 rw-p 001c4000 08:04 528872                     /lib/x86_64-linux-gnu/libc-2.23.so
7f472c310000-7f472c314000 rw-p 00000000 00:00 0 
7f472c314000-7f472c317000 r-xp 00000000 08:04 528896                     /lib/x86_64-linux-gnu/libdl-2.23.so
7f472c317000-7f472c516000 ---p 00003000 08:04 528896                     /lib/x86_64-linux-gnu/libdl-2.23.so
7f472c516000-7f472c517000 r--p 00002000 08:04 528896                     /lib/x86_64-linux-gnu/libdl-2.23.so
7f472c517000-7f472c518000 rw-p 00003000 08:04 528896                     /lib/x86_64-linux-gnu/libdl-2.23.so
7f472c518000-7f472c52e000 r-xp 00000000 08:04 1317051                    /usr/lib/jvm/java-8-oracle/jre/lib/amd64/jli/libjli.so
7f472c52e000-7f472c72d000 ---p 00016000 08:04 1317051                    /usr/lib/jvm/java-8-oracle/jre/lib/amd64/jli/libjli.so
7f472c72d000-7f472c72e000 rw-p 00015000 08:04 1317051                    /usr/lib/jvm/java-8-oracle/jre/lib/amd64/jli/libjli.so
7f472c72e000-7f472c746000 r-xp 00000000 08:04 529018                     /lib/x86_64-linux-gnu/libpthread-2.23.so
7f472c746000-7f472c945000 ---p 00018000 08:04 529018                     /lib/x86_64-linux-gnu/libpthread-2.23.so
7f472c945000-7f472c946000 r--p 00017000 08:04 529018                     /lib/x86_64-linux-gnu/libpthread-2.23.so
7f472c946000-7f472c947000 rw-p 00018000 08:04 529018                     /lib/x86_64-linux-gnu/libpthread-2.23.so
7f472c947000-7f472c94b000 rw-p 00000000 00:00 0 
7f472c94b000-7f472c971000 r-xp 00000000 08:04 528844                     /lib/x86_64-linux-gnu/ld-2.23.so
7f472c971000-7f472c972000 r--s 00005000 08:04 806094                     /home/florian/.sbt/boot/scala-2.10.4/org.scala-sbt/sbt/0.13.6/sbt-0.13.6.jar
7f472c972000-7f472c975000 r--s 0001a000 08:04 806091                     /home/florian/.sbt/boot/scala-2.10.4/org.scala-sbt/sbt/0.13.6/cache-0.13.6.jar
7f472c975000-7f472c977000 r--s 00006000 08:04 806095                     /home/florian/.sbt/boot/scala-2.10.4/org.scala-sbt/sbt/0.13.6/relation-0.13.6.jar
7f472c977000-7f472c979000 r--s 00001000 08:04 806072                     /home/florian/.sbt/boot/scala-2.10.4/org.scala-sbt/sbt/0.13.6/cross-0.13.6.jar
7f472c979000-7f472c97c000 r--s 00013000 08:04 806077                     /home/florian/.sbt/boot/scala-2.10.4/org.scala-sbt/sbt/0.13.6/classpath-0.13.6.jar
7f472c97c000-7f472c981000 r--s 00036000 08:04 806075                     /home/florian/.sbt/boot/scala-2.10.4/org.scala-sbt/sbt/0.13.6/command-0.13.6.jar
7f472c981000-7f472c983000 r--s 00014000 08:04 806098                     /home/florian/.sbt/boot/scala-2.10.4/org.scala-sbt/sbt/0.13.6/apply-macro-0.13.6.jar
7f472c983000-7f472c986000 r--s 0001d000 08:04 806071                     /home/florian/.sbt/boot/scala-2.10.4/org.scala-sbt/sbt/0.13.6/task-system-0.13.6.jar
7f472c986000-7f472c98a000 r--s 00034000 08:04 806073                     /home/florian/.sbt/boot/scala-2.10.4/org.scala-sbt/sbt/0.13.6/jsch-0.1.46.jar
7f472c98a000-7f472c98e000 r--s 0001b000 08:04 806063                     /home/florian/.sbt/boot/scala-2.10.4/org.scala-sbt/sbt/0.13.6/process-0.13.6.jar
7f472c98e000-7f472c9aa000 r--s 0010e000 08:04 1325949                    /usr/share/sbt/bin/sbt-launch.jar
7f472c9aa000-7f472ca55000 rw-p 00000000 00:00 0 
7f472ca55000-7f472ca58000 ---p 00000000 00:00 0 
7f472ca58000-7f472cb5b000 rw-p 00000000 00:00 0 
7f472cb5b000-7f472cb5c000 r--s 00005000 08:04 806069                     /home/florian/.sbt/boot/scala-2.10.4/org.scala-sbt/sbt/0.13.6/test-agent-0.13.6.jar
7f472cb5c000-7f472cb5e000 r--s 0000e000 08:04 806086                     /home/florian/.sbt/boot/scala-2.10.4/org.scala-sbt/sbt/0.13.6/logic-0.13.6.jar
7f472cb5e000-7f472cb5f000 r--s 0000a000 08:04 806068                     /home/florian/.sbt/boot/scala-2.10.4/org.scala-sbt/sbt/0.13.6/tracking-0.13.6.jar
7f472cb5f000-7f472cb62000 r--s 00018000 08:04 1068750                    /home/florian/.sbt/boot/scala-2.10.4/lib/jansi.jar
7f472cb62000-7f472cb66000 r--s 00025000 08:04 1068749                    /home/florian/.sbt/boot/scala-2.10.4/lib/jline.jar
7f472cb66000-7f472cb6e000 rw-s 00000000 08:04 1200046                    /tmp/hsperfdata_florian/31741
7f472cb6e000-7f472cb6f000 rw-p 00000000 00:00 0 
7f472cb6f000-7f472cb70000 ---p 00000000 00:00 0 
7f472cb70000-7f472cb71000 r--p 00025000 08:04 528844                     /lib/x86_64-linux-gnu/ld-2.23.so
7f472cb71000-7f472cb72000 rw-p 00026000 08:04 528844                     /lib/x86_64-linux-gnu/ld-2.23.so
7f472cb72000-7f472cb73000 rw-p 00000000 00:00 0 
7ffe11148000-7ffe1116a000 rw-p 00000000 00:00 0                          [stack]
7ffe11194000-7ffe11197000 r--p 00000000 00:00 0                          [vvar]
7ffe11197000-7ffe11199000 r-xp 00000000 00:00 0                          [vdso]
ffffffffff600000-ffffffffff601000 r-xp 00000000 00:00 0                  [vsyscall]

VM Arguments:
jvm_args: -Xmx4g 
java_command: /usr/share/sbt/bin/sbt-launch.jar run
java_class_path (initial): /usr/share/sbt/bin/sbt-launch.jar
Launcher Type: SUN_STANDARD

Environment Variables:
JAVA_HOME=/usr/lib/jvm/java-8-oracle
PATH=/home/florian/.rvm/gems/ruby-2.4.1/bin:/home/florian/.rvm/gems/ruby-2.4.1@global/bin:/usr/share/rvm/rubies/ruby-2.4.1/bin:/home/florian/bin:/home/florian/.local/bin:/usr/local/sbin:/usr/local/bin:/usr/sbin:/usr/bin:/sbin:/bin:/usr/games:/usr/local/games:/snap/bin:/usr/lib/jvm/java-8-oracle/bin:/usr/lib/jvm/java-8-oracle/db/bin:/usr/lib/jvm/java-8-oracle/jre/bin:/usr/share/rvm/bin
SHELL=/bin/bash
DISPLAY=:0.0

Signal Handlers:
SIGSEGV: [libjvm.so+0xad0890], sa_mask[0]=11111111011111111101111111111110, sa_flags=SA_RESTART|SA_SIGINFO
SIGBUS: [libjvm.so+0xad0890], sa_mask[0]=11111111011111111101111111111110, sa_flags=SA_RESTART|SA_SIGINFO
SIGFPE: [libjvm.so+0x928640], sa_mask[0]=11111111011111111101111111111110, sa_flags=SA_RESTART|SA_SIGINFO
SIGPIPE: [libjvm.so+0x928640], sa_mask[0]=11111111011111111101111111111110, sa_flags=SA_RESTART|SA_SIGINFO
SIGXFSZ: [libjvm.so+0x928640], sa_mask[0]=11111111011111111101111111111110, sa_flags=SA_RESTART|SA_SIGINFO
SIGILL: [libjvm.so+0x928640], sa_mask[0]=11111111011111111101111111111110, sa_flags=SA_RESTART|SA_SIGINFO
SIGUSR1: SIG_DFL, sa_mask[0]=00000000000000000000000000000000, sa_flags=none
SIGUSR2: [libjvm.so+0x929ea0], sa_mask[0]=00000000000000000000000000000000, sa_flags=SA_RESTART|SA_SIGINFO
SIGHUP: [libjvm.so+0x92b2a0], sa_mask[0]=11111111011111111101111111111110, sa_flags=SA_RESTART|SA_SIGINFO
SIGINT: [libjvm.so+0x92b2a0], sa_mask[0]=11111111011111111101111111111110, sa_flags=SA_RESTART|SA_SIGINFO
SIGTERM: [libjvm.so+0x92b2a0], sa_mask[0]=11111111011111111101111111111110, sa_flags=SA_RESTART|SA_SIGINFO
SIGQUIT: [libjvm.so+0x92b2a0], sa_mask[0]=11111111011111111101111111111110, sa_flags=SA_RESTART|SA_SIGINFO


---------------  S Y S T E M  ---------------

OS:DISTRIB_ID=Ubuntu
DISTRIB_RELEASE=16.04
DISTRIB_CODENAME=xenial
DISTRIB_DESCRIPTION="Ubuntu 16.04.4 LTS"

uname:Linux 4.13.0-43-generic #48~16.04.1-Ubuntu SMP Thu May 17 12:56:46 UTC 2018 x86_64
libc:glibc 2.23 NPTL 2.23 
rlimit: STACK 8192k, CORE 0k, NPROC 30904, NOFILE 1048576, AS infinity
load average:29.60 13.73 5.57

/proc/meminfo:
MemTotal:        8023924 kB
MemFree:          121616 kB
MemAvailable:      11532 kB
Buffers:             544 kB
Cached:           158072 kB
SwapCached:            0 kB
Active:          7567296 kB
Inactive:         150196 kB
Active(anon):    7560380 kB
Inactive(anon):   138912 kB
Active(file):       6916 kB
Inactive(file):    11284 kB
Unevictable:         160 kB
Mlocked:             160 kB
SwapTotal:             0 kB
SwapFree:              0 kB
Dirty:               816 kB
Writeback:             0 kB
AnonPages:       7559240 kB
Mapped:            69108 kB
Shmem:            140212 kB
Slab:              83292 kB
SReclaimable:      41692 kB
SUnreclaim:        41600 kB
KernelStack:        7680 kB
PageTables:        35452 kB
NFS_Unstable:          0 kB
Bounce:                0 kB
WritebackTmp:          0 kB
CommitLimit:     4011960 kB
Committed_AS:    9432408 kB
VmallocTotal:   34359738367 kB
VmallocUsed:           0 kB
VmallocChunk:          0 kB
HardwareCorrupted:     0 kB
AnonHugePages:         0 kB
ShmemHugePages:        0 kB
ShmemPmdMapped:        0 kB
CmaTotal:              0 kB
CmaFree:               0 kB
HugePages_Total:       0
HugePages_Free:        0
HugePages_Rsvd:        0
HugePages_Surp:        0
Hugepagesize:       2048 kB
DirectMap4k:      258844 kB
DirectMap2M:     7985152 kB
DirectMap1G:           0 kB


CPU:total 4 (initial active 4) (2 cores per cpu, 2 threads per core) family 6 model 142 stepping 9, cmov, cx8, fxsr, mmx, sse, sse2, sse3, ssse3, sse4.1, sse4.2, popcnt, avx, avx2, aes, clmul, erms, 3dnowpref, lzcnt, ht, tsc, tscinvbit, bmi1, bmi2, adx

/proc/cpuinfo:
processor	: 0
vendor_id	: GenuineIntel
cpu family	: 6
model		: 142
model name	: Intel(R) Core(TM) i5-7200U CPU @ 2.50GHz
stepping	: 9
microcode	: 0x84
cpu MHz		: 2500.033
cache size	: 3072 KB
physical id	: 0
siblings	: 4
core id		: 0
cpu cores	: 2
apicid		: 0
initial apicid	: 0
fpu		: yes
fpu_exception	: yes
cpuid level	: 22
wp		: yes
flags		: fpu vme de pse tsc msr pae mce cx8 apic sep mtrr pge mca cmov pat pse36 clflush dts acpi mmx fxsr sse sse2 ss ht tm pbe syscall nx pdpe1gb rdtscp lm constant_tsc art arch_perfmon pebs bts rep_good nopl xtopology nonstop_tsc cpuid aperfmperf tsc_known_freq pni pclmulqdq dtes64 monitor ds_cpl vmx est tm2 ssse3 sdbg fma cx16 xtpr pdcm pcid sse4_1 sse4_2 x2apic movbe popcnt tsc_deadline_timer aes xsave avx f16c rdrand lahf_lm abm 3dnowprefetch cpuid_fault epb invpcid_single pti retpoline intel_pt rsb_ctxsw spec_ctrl tpr_shadow vnmi flexpriority ept vpid fsgsbase tsc_adjust bmi1 avx2 smep bmi2 erms invpcid mpx rdseed adx smap clflushopt xsaveopt xsavec xgetbv1 xsaves dtherm ida arat pln pts hwp hwp_notify hwp_act_window hwp_epp
bugs		: cpu_meltdown spectre_v1 spectre_v2 spec_store_bypass
bogomips	: 5424.00
clflush size	: 64
cache_alignment	: 64
address sizes	: 39 bits physical, 48 bits virtual
power management:

processor	: 1
vendor_id	: GenuineIntel
cpu family	: 6
model		: 142
model name	: Intel(R) Core(TM) i5-7200U CPU @ 2.50GHz
stepping	: 9
microcode	: 0x84
cpu MHz		: 2500.000
cache size	: 3072 KB
physical id	: 0
siblings	: 4
core id		: 1
cpu cores	: 2
apicid		: 2
initial apicid	: 2
fpu		: yes
fpu_exception	: yes
cpuid level	: 22
wp		: yes
flags		: fpu vme de pse tsc msr pae mce cx8 apic sep mtrr pge mca cmov pat pse36 clflush dts acpi mmx fxsr sse sse2 ss ht tm pbe syscall nx pdpe1gb rdtscp lm constant_tsc art arch_perfmon pebs bts rep_good nopl xtopology nonstop_tsc cpuid aperfmperf tsc_known_freq pni pclmulqdq dtes64 monitor ds_cpl vmx est tm2 ssse3 sdbg fma cx16 xtpr pdcm pcid sse4_1 sse4_2 x2apic movbe popcnt tsc_deadline_timer aes xsave avx f16c rdrand lahf_lm abm 3dnowprefetch cpuid_fault epb invpcid_single pti retpoline intel_pt rsb_ctxsw spec_ctrl tpr_shadow vnmi flexpriority ept vpid fsgsbase tsc_adjust bmi1 avx2 smep bmi2 erms invpcid mpx rdseed adx smap clflushopt xsaveopt xsavec xgetbv1 xsaves dtherm ida arat pln pts hwp hwp_notify hwp_act_window hwp_epp
bugs		: cpu_meltdown spectre_v1 spectre_v2 spec_store_bypass
bogomips	: 5424.00
clflush size	: 64
cache_alignment	: 64
address sizes	: 39 bits physical, 48 bits virtual
power management:

processor	: 2
vendor_id	: GenuineIntel
cpu family	: 6
model		: 142
model name	: Intel(R) Core(TM) i5-7200U CPU @ 2.50GHz
stepping	: 9
microcode	: 0x84
cpu MHz		: 2500.010
cache size	: 3072 KB
physical id	: 0
siblings	: 4
core id		: 0
cpu cores	: 2
apicid		: 1
initial apicid	: 1
fpu		: yes
fpu_exception	: yes
cpuid level	: 22
wp		: yes
flags		: fpu vme de pse tsc msr pae mce cx8 apic sep mtrr pge mca cmov pat pse36 clflush dts acpi mmx fxsr sse sse2 ss ht tm pbe syscall nx pdpe1gb rdtscp lm constant_tsc art arch_perfmon pebs bts rep_good nopl xtopology nonstop_tsc cpuid aperfmperf tsc_known_freq pni pclmulqdq dtes64 monitor ds_cpl vmx est tm2 ssse3 sdbg fma cx16 xtpr pdcm pcid sse4_1 sse4_2 x2apic movbe popcnt tsc_deadline_timer aes xsave avx f16c rdrand lahf_lm abm 3dnowprefetch cpuid_fault epb invpcid_single pti retpoline intel_pt rsb_ctxsw spec_ctrl tpr_shadow vnmi flexpriority ept vpid fsgsbase tsc_adjust bmi1 avx2 smep bmi2 erms invpcid mpx rdseed adx smap clflushopt xsaveopt xsavec xgetbv1 xsaves dtherm ida arat pln pts hwp hwp_notify hwp_act_window hwp_epp
bugs		: cpu_meltdown spectre_v1 spectre_v2 spec_store_bypass
bogomips	: 5424.00
clflush size	: 64
cache_alignment	: 64
address sizes	: 39 bits physical, 48 bits virtual
power management:

processor	: 3
vendor_id	: GenuineIntel
cpu family	: 6
model		: 142
model name	: Intel(R) Core(TM) i5-7200U CPU @ 2.50GHz
stepping	: 9
microcode	: 0x84
cpu MHz		: 2499.999
cache size	: 3072 KB
physical id	: 0
siblings	: 4
core id		: 1
cpu cores	: 2
apicid		: 3
initial apicid	: 3
fpu		: yes
fpu_exception	: yes
cpuid level	: 22
wp		: yes
flags		: fpu vme de pse tsc msr pae mce cx8 apic sep mtrr pge mca cmov pat pse36 clflush dts acpi mmx fxsr sse sse2 ss ht tm pbe syscall nx pdpe1gb rdtscp lm constant_tsc art arch_perfmon pebs bts rep_good nopl xtopology nonstop_tsc cpuid aperfmperf tsc_known_freq pni pclmulqdq dtes64 monitor ds_cpl vmx est tm2 ssse3 sdbg fma cx16 xtpr pdcm pcid sse4_1 sse4_2 x2apic movbe popcnt tsc_deadline_timer aes xsave avx f16c rdrand lahf_lm abm 3dnowprefetch cpuid_fault epb invpcid_single pti retpoline intel_pt rsb_ctxsw spec_ctrl tpr_shadow vnmi flexpriority ept vpid fsgsbase tsc_adjust bmi1 avx2 smep bmi2 erms invpcid mpx rdseed adx smap clflushopt xsaveopt xsavec xgetbv1 xsaves dtherm ida arat pln pts hwp hwp_notify hwp_act_window hwp_epp
bugs		: cpu_meltdown spectre_v1 spectre_v2 spec_store_bypass
bogomips	: 5424.00
clflush size	: 64
cache_alignment	: 64
address sizes	: 39 bits physical, 48 bits virtual
power management:



Memory: 4k page, physical 8023924k(130728k free), swap 0k(0k free)

vm_info: Java HotSpot(TM) 64-Bit Server VM (25.171-b11) for linux-amd64 JRE (1.8.0_171-b11), built on Mar 28 2018 17:07:08 by "java_re" with gcc 4.3.0 20080428 (Red Hat 4.3.0-8)

time: Sun Jun 24 23:35:27 2018
elapsed time: 124 seconds (0d 0h 2m 4s)

